without classifier mlp
[I 2023-12-19 10:22:35,012] A new study created in memory with name: no-name-0f124f3c-92fc-4e24-a8e4-9344773713ae
2023-12-19 10:22:39.355381: W external/xla/xla/service/gpu/nvptx_compiler.cc:698] The NVIDIA driver's CUDA version is 12.0 which is older than the ptxas CUDA version (12.3.103). Because the driver is older than the ptxas version, XLA is disabling parallel compilation, which may slow down compilation. You should update your NVIDIA driver or use the NVIDIA-provided CUDA forward compatibility packages.
[I 2023-12-19 10:25:03,443] Trial 0 finished with value: 0.875 and parameters: {'learning_rate': 0.00031489116479568613, 'batch_size': 16, 'embed_dim': 256, 'depth': 1}. Best is trial 0 with value: 0.875.
[I 2023-12-19 10:26:18,248] Trial 1 finished with value: 0.9464980363845825 and parameters: {'learning_rate': 0.0005342937261279777, 'batch_size': 1028, 'embed_dim': 128, 'depth': 5}. Best is trial 1 with value: 0.9464980363845825.
[I 2023-12-19 10:26:49,051] Trial 2 finished with value: 0.9192606806755066 and parameters: {'learning_rate': 0.00016536937182824412, 'batch_size': 1028, 'embed_dim': 64, 'depth': 3}. Best is trial 1 with value: 0.9464980363845825.
[I 2023-12-19 10:30:27,600] Trial 3 finished with value: 1.0 and parameters: {'learning_rate': 0.002463768595899745, 'batch_size': 16, 'embed_dim': 32, 'depth': 4}. Best is trial 3 with value: 1.0.
[I 2023-12-19 10:34:44,020] Trial 4 finished with value: 1.0 and parameters: {'learning_rate': 1.0521761868451132e-05, 'batch_size': 16, 'embed_dim': 32, 'depth': 5}. Best is trial 3 with value: 1.0.
[I 2023-12-19 10:36:11,227] Trial 5 finished with value: 0.9296875 and parameters: {'learning_rate': 3.0086868214458443e-05, 'batch_size': 128, 'embed_dim': 256, 'depth': 3}. Best is trial 3 with value: 1.0.
[I 2023-12-19 10:37:02,473] Trial 6 finished with value: 0.9375 and parameters: {'learning_rate': 8.226074946221034e-05, 'batch_size': 128, 'embed_dim': 128, 'depth': 2}. Best is trial 3 with value: 1.0.
[I 2023-12-19 10:39:21,680] Trial 7 finished with value: 0.6875 and parameters: {'learning_rate': 0.018709365688887352, 'batch_size': 16, 'embed_dim': 32, 'depth': 2}. Best is trial 3 with value: 1.0.
[I 2023-12-19 10:39:57,753] Trial 8 finished with value: 0.921875 and parameters: {'learning_rate': 0.00013783578294796384, 'batch_size': 512, 'embed_dim': 128, 'depth': 2}. Best is trial 3 with value: 1.0.
[I 2023-12-19 10:42:13,961] Trial 9 finished with value: 0.96875 and parameters: {'learning_rate': 0.0034207303670092245, 'batch_size': 64, 'embed_dim': 32, 'depth': 5}. Best is trial 3 with value: 1.0.
[I 2023-12-19 10:42:53,843] Trial 10 finished with value: 0.41796875 and parameters: {'learning_rate': 0.06514252098154874, 'batch_size': 256, 'embed_dim': 64, 'depth': 4}. Best is trial 3 with value: 1.0.
[I 2023-12-19 10:46:27,341] Trial 11 finished with value: 1.0 and parameters: {'learning_rate': 0.003278508898472986, 'batch_size': 16, 'embed_dim': 32, 'depth': 4}. Best is trial 3 with value: 1.0.
[I 2023-12-19 10:49:57,031] Trial 12 finished with value: 0.96875 and parameters: {'learning_rate': 0.002044918866524788, 'batch_size': 32, 'embed_dim': 32, 'depth': 6}. Best is trial 3 with value: 1.0.
[I 2023-12-19 10:53:30,364] Trial 13 finished with value: 1.0 and parameters: {'learning_rate': 1.9465916514819266e-05, 'batch_size': 16, 'embed_dim': 32, 'depth': 4}. Best is trial 3 with value: 1.0.
[I 2023-12-19 10:57:43,520] Trial 14 finished with value: 0.8125 and parameters: {'learning_rate': 0.01349126348114051, 'batch_size': 16, 'embed_dim': 32, 'depth': 5}. Best is trial 3 with value: 1.0.
[I 2023-12-19 10:57:58,835] Trial 15 finished with value: 0.92578125 and parameters: {'learning_rate': 0.0011509263337271078, 'batch_size': 256, 'embed_dim': 32, 'depth': 1}. Best is trial 3 with value: 1.0.
[I 2023-12-19 11:00:36,883] Trial 16 finished with value: 0.90625 and parameters: {'learning_rate': 1.2864916833847533e-05, 'batch_size': 64, 'embed_dim': 32, 'depth': 6}. Best is trial 3 with value: 1.0.
[I 2023-12-19 11:02:07,777] Trial 17 finished with value: 0.912109375 and parameters: {'learning_rate': 4.839668264505077e-05, 'batch_size': 512, 'embed_dim': 256, 'depth': 4}. Best is trial 3 with value: 1.0.
[I 2023-12-19 11:05:59,330] Trial 18 finished with value: 0.65625 and parameters: {'learning_rate': 0.008207774217212173, 'batch_size': 32, 'embed_dim': 64, 'depth': 5}. Best is trial 3 with value: 1.0.
[I 2023-12-19 11:10:20,583] Trial 19 finished with value: 0.5625 and parameters: {'learning_rate': 0.06616513904708171, 'batch_size': 16, 'embed_dim': 32, 'depth': 5}. Best is trial 3 with value: 1.0.
[I 2023-12-19 11:13:59,611] Trial 20 finished with value: 1.0 and parameters: {'learning_rate': 0.0005316197285025846, 'batch_size': 16, 'embed_dim': 32, 'depth': 4}. Best is trial 3 with value: 1.0.
[I 2023-12-19 11:17:33,723] Trial 21 finished with value: 1.0 and parameters: {'learning_rate': 0.003662879951175412, 'batch_size': 16, 'embed_dim': 32, 'depth': 4}. Best is trial 3 with value: 1.0.
[I 2023-12-19 11:21:08,499] Trial 22 finished with value: 0.8125 and parameters: {'learning_rate': 0.006588298327310754, 'batch_size': 16, 'embed_dim': 32, 'depth': 4}. Best is trial 3 with value: 1.0.
[I 2023-12-19 11:24:43,862] Trial 23 finished with value: 1.0 and parameters: {'learning_rate': 0.0012442617655030726, 'batch_size': 16, 'embed_dim': 32, 'depth': 4}. Best is trial 3 with value: 1.0.
[I 2023-12-19 11:28:17,272] Trial 24 finished with value: 0.5 and parameters: {'learning_rate': 0.02682570663218171, 'batch_size': 16, 'embed_dim': 32, 'depth': 4}. Best is trial 3 with value: 1.0.
[I 2023-12-19 11:31:17,586] Trial 25 finished with value: 1.0 and parameters: {'learning_rate': 0.002770624506212254, 'batch_size': 16, 'embed_dim': 32, 'depth': 3}. Best is trial 3 with value: 1.0.
[I 2023-12-19 11:31:54,931] Trial 26 finished with value: 0.4296875 and parameters: {'learning_rate': 0.0005597335672043224, 'batch_size': 128, 'embed_dim': 256, 'depth': 1}. Best is trial 3 with value: 1.0.
[I 2023-12-19 11:35:50,650] Trial 27 finished with value: 0.65625 and parameters: {'learning_rate': 0.005983488880391507, 'batch_size': 64, 'embed_dim': 64, 'depth': 6}. Best is trial 3 with value: 1.0.
[I 2023-12-19 11:40:38,595] Trial 28 finished with value: 0.78125 and parameters: {'learning_rate': 0.0015661118963241946, 'batch_size': 32, 'embed_dim': 128, 'depth': 5}. Best is trial 3 with value: 1.0.
[I 2023-12-19 11:42:49,946] Trial 29 finished with value: 0.75 and parameters: {'learning_rate': 0.0002010863951459918, 'batch_size': 16, 'embed_dim': 256, 'depth': 1}. Best is trial 3 with value: 1.0.
[I 2023-12-19 11:43:16,856] Trial 30 finished with value: 0.927734375 and parameters: {'learning_rate': 0.00031996097943920166, 'batch_size': 512, 'embed_dim': 32, 'depth': 4}. Best is trial 3 with value: 1.0.
[I 2023-12-19 11:46:52,515] Trial 31 finished with value: 1.0 and parameters: {'learning_rate': 1.2255002365350116e-05, 'batch_size': 16, 'embed_dim': 32, 'depth': 4}. Best is trial 3 with value: 1.0.
[I 2023-12-19 11:47:17,611] Trial 32 finished with value: 0.8346303701400757 and parameters: {'learning_rate': 2.4253475980660058e-05, 'batch_size': 1028, 'embed_dim': 32, 'depth': 4}. Best is trial 3 with value: 1.0.
[I 2023-12-19 11:50:51,641] Trial 33 finished with value: 1.0 and parameters: {'learning_rate': 2.286868484711088e-05, 'batch_size': 16, 'embed_dim': 32, 'depth': 4}. Best is trial 3 with value: 1.0.
[I 2023-12-19 11:51:11,231] Trial 34 finished with value: 0.8706225752830505 and parameters: {'learning_rate': 6.0446592408588626e-05, 'batch_size': 1028, 'embed_dim': 32, 'depth': 3}. Best is trial 3 with value: 1.0.
[I 2023-12-19 11:55:52,869] Trial 35 finished with value: 1.0 and parameters: {'learning_rate': 0.0005570354757650226, 'batch_size': 16, 'embed_dim': 128, 'depth': 4}. Best is trial 3 with value: 1.0.
[I 2023-12-19 11:56:34,877] Trial 36 finished with value: 0.8984375 and parameters: {'learning_rate': 1.0854109507515453e-05, 'batch_size': 256, 'embed_dim': 64, 'depth': 5}. Best is trial 3 with value: 1.0.
[I 2023-12-19 11:57:00,848] Trial 37 finished with value: 0.90625 and parameters: {'learning_rate': 3.698676921441796e-05, 'batch_size': 128, 'embed_dim': 32, 'depth': 2}. Best is trial 3 with value: 1.0.
[I 2023-12-19 12:02:19,407] Trial 38 finished with value: 1.0 and parameters: {'learning_rate': 0.00013283394047078494, 'batch_size': 16, 'embed_dim': 256, 'depth': 4}. Best is trial 3 with value: 1.0.
[I 2023-12-19 12:05:13,883] Trial 39 finished with value: 1.0 and parameters: {'learning_rate': 1.916780830347336e-05, 'batch_size': 16, 'embed_dim': 32, 'depth': 3}. Best is trial 3 with value: 1.0.
[I 2023-12-19 12:05:44,949] Trial 40 finished with value: 0.905642032623291 and parameters: {'learning_rate': 8.136066959960167e-05, 'batch_size': 1028, 'embed_dim': 128, 'depth': 2}. Best is trial 3 with value: 1.0.
[I 2023-12-19 12:09:19,560] Trial 41 finished with value: 1.0 and parameters: {'learning_rate': 0.0008025356508332411, 'batch_size': 16, 'embed_dim': 32, 'depth': 4}. Best is trial 3 with value: 1.0.
[I 2023-12-19 12:12:54,325] Trial 42 finished with value: 0.875 and parameters: {'learning_rate': 0.004949964943500609, 'batch_size': 16, 'embed_dim': 32, 'depth': 4}. Best is trial 3 with value: 1.0.
[I 2023-12-19 12:16:29,707] Trial 43 finished with value: 0.625 and parameters: {'learning_rate': 0.03415769500964426, 'batch_size': 16, 'embed_dim': 32, 'depth': 4}. Best is trial 3 with value: 1.0.
[I 2023-12-19 12:20:48,565] Trial 44 finished with value: 1.0 and parameters: {'learning_rate': 0.0022288671782647374, 'batch_size': 16, 'embed_dim': 32, 'depth': 5}. Best is trial 3 with value: 1.0.
[I 2023-12-19 12:22:39,625] Trial 45 finished with value: 0.671875 and parameters: {'learning_rate': 0.013665246189402448, 'batch_size': 64, 'embed_dim': 32, 'depth': 4}. Best is trial 3 with value: 1.0.
[I 2023-12-19 12:23:13,999] Trial 46 finished with value: 0.92578125 and parameters: {'learning_rate': 0.0003427909046430962, 'batch_size': 512, 'embed_dim': 32, 'depth': 6}. Best is trial 3 with value: 1.0.
[I 2023-12-19 12:23:48,759] Trial 47 finished with value: 0.9453125 and parameters: {'learning_rate': 0.0008928021659319569, 'batch_size': 256, 'embed_dim': 64, 'depth': 4}. Best is trial 3 with value: 1.0.
[I 2023-12-19 12:25:23,308] Trial 48 finished with value: 1.0 and parameters: {'learning_rate': 0.004129211328172007, 'batch_size': 16, 'embed_dim': 32, 'depth': 1}. Best is trial 3 with value: 1.0.
[I 2023-12-19 12:30:07,399] Trial 49 finished with value: 0.59375 and parameters: {'learning_rate': 0.010756008065688365, 'batch_size': 32, 'embed_dim': 128, 'depth': 5}. Best is trial 3 with value: 1.0.
[I 2023-12-19 12:30:45,451] Trial 50 finished with value: 0.8984375 and parameters: {'learning_rate': 1.6261778015725716e-05, 'batch_size': 128, 'embed_dim': 32, 'depth': 4}. Best is trial 3 with value: 1.0.
[I 2023-12-19 12:34:17,958] Trial 51 finished with value: 1.0 and parameters: {'learning_rate': 0.0035711625088381896, 'batch_size': 16, 'embed_dim': 32, 'depth': 4}. Best is trial 3 with value: 1.0.
[I 2023-12-19 12:37:52,450] Trial 52 finished with value: 1.0 and parameters: {'learning_rate': 0.0018662211914232318, 'batch_size': 16, 'embed_dim': 32, 'depth': 4}. Best is trial 3 with value: 1.0.
[I 2023-12-19 12:41:27,320] Trial 53 finished with value: 1.0 and parameters: {'learning_rate': 0.0025363694884523043, 'batch_size': 16, 'embed_dim': 32, 'depth': 4}. Best is trial 3 with value: 1.0.
[I 2023-12-19 12:45:00,436] Trial 54 finished with value: 1.0 and parameters: {'learning_rate': 0.0014948072699190623, 'batch_size': 16, 'embed_dim': 32, 'depth': 4}. Best is trial 3 with value: 1.0.
[I 2023-12-19 12:47:16,774] Trial 55 finished with value: 1.0 and parameters: {'learning_rate': 3.441819818259542e-05, 'batch_size': 16, 'embed_dim': 32, 'depth': 2}. Best is trial 3 with value: 1.0.
[I 2023-12-19 12:51:33,795] Trial 56 finished with value: 0.8125 and parameters: {'learning_rate': 0.007814546107035523, 'batch_size': 16, 'embed_dim': 32, 'depth': 5}. Best is trial 3 with value: 1.0.
[I 2023-12-19 12:59:10,953] Trial 57 finished with value: 0.5625 and parameters: {'learning_rate': 0.0029514767252187147, 'batch_size': 16, 'embed_dim': 256, 'depth': 6}. Best is trial 3 with value: 1.0.
[I 2023-12-19 12:59:35,716] Trial 58 finished with value: 0.84765625 and parameters: {'learning_rate': 0.023055987886308808, 'batch_size': 512, 'embed_dim': 32, 'depth': 4}. Best is trial 3 with value: 1.0.
[I 2023-12-19 13:01:40,012] Trial 59 finished with value: 1.0 and parameters: {'learning_rate': 0.0002079118692088797, 'batch_size': 64, 'embed_dim': 64, 'depth': 3}. Best is trial 3 with value: 1.0.
[I 2023-12-19 13:04:08,095] Trial 60 finished with value: 1.0 and parameters: {'learning_rate': 0.001154244929589396, 'batch_size': 32, 'embed_dim': 32, 'depth': 4}. Best is trial 3 with value: 1.0.
[I 2023-12-19 13:07:43,547] Trial 61 finished with value: 1.0 and parameters: {'learning_rate': 0.0012252044577986804, 'batch_size': 16, 'embed_dim': 32, 'depth': 4}. Best is trial 3 with value: 1.0.
[I 2023-12-19 13:11:18,578] Trial 62 finished with value: 1.0 and parameters: {'learning_rate': 0.0006668408382709094, 'batch_size': 16, 'embed_dim': 32, 'depth': 4}. Best is trial 3 with value: 1.0.
[I 2023-12-19 13:14:56,914] Trial 63 finished with value: 0.875 and parameters: {'learning_rate': 0.005886541475697426, 'batch_size': 16, 'embed_dim': 32, 'depth': 4}. Best is trial 3 with value: 1.0.
[I 2023-12-19 13:16:33,545] Trial 64 finished with value: 1.0 and parameters: {'learning_rate': 0.00044753710109471, 'batch_size': 16, 'embed_dim': 32, 'depth': 1}. Best is trial 3 with value: 1.0.
[I 2023-12-19 13:17:02,797] Trial 65 finished with value: 0.95703125 and parameters: {'learning_rate': 0.004355344268048879, 'batch_size': 256, 'embed_dim': 32, 'depth': 4}. Best is trial 3 with value: 1.0.
[I 2023-12-19 13:23:30,954] Trial 66 finished with value: 0.6875 and parameters: {'learning_rate': 0.0016611504130611386, 'batch_size': 16, 'embed_dim': 256, 'depth': 5}. Best is trial 3 with value: 1.0.
[I 2023-12-19 13:23:53,830] Trial 67 finished with value: 0.783073902130127 and parameters: {'learning_rate': 1.3942861187687815e-05, 'batch_size': 1028, 'embed_dim': 32, 'depth': 4}. Best is trial 3 with value: 1.0.
[I 2023-12-19 13:28:28,458] Trial 68 finished with value: 0.75 and parameters: {'learning_rate': 0.009896522058469569, 'batch_size': 16, 'embed_dim': 128, 'depth': 4}. Best is trial 3 with value: 1.0.
[I 2023-12-19 13:29:05,837] Trial 69 finished with value: 0.96875 and parameters: {'learning_rate': 0.003172280789216184, 'batch_size': 128, 'embed_dim': 32, 'depth': 4}. Best is trial 3 with value: 1.0.
[I 2023-12-19 13:34:02,142] Trial 70 finished with value: 1.0 and parameters: {'learning_rate': 0.00011571487225969409, 'batch_size': 16, 'embed_dim': 32, 'depth': 6}. Best is trial 3 with value: 1.0.
[I 2023-12-19 13:36:58,186] Trial 71 finished with value: 1.0 and parameters: {'learning_rate': 0.002062611858802126, 'batch_size': 16, 'embed_dim': 32, 'depth': 3}. Best is trial 3 with value: 1.0.
[I 2023-12-19 13:39:53,347] Trial 72 finished with value: 1.0 and parameters: {'learning_rate': 0.0009956507110011053, 'batch_size': 16, 'embed_dim': 32, 'depth': 3}. Best is trial 3 with value: 1.0.
[I 2023-12-19 13:42:46,333] Trial 73 finished with value: 1.0 and parameters: {'learning_rate': 0.0025463505939562242, 'batch_size': 16, 'embed_dim': 32, 'depth': 3}. Best is trial 3 with value: 1.0.
[I 2023-12-19 13:45:40,772] Trial 74 finished with value: 0.6875 and parameters: {'learning_rate': 0.0866438695660128, 'batch_size': 16, 'embed_dim': 32, 'depth': 3}. Best is trial 3 with value: 1.0.
[I 2023-12-19 13:48:08,306] Trial 75 finished with value: 1.0 and parameters: {'learning_rate': 1.0153891533642842e-05, 'batch_size': 16, 'embed_dim': 64, 'depth': 2}. Best is trial 3 with value: 1.0.
[I 2023-12-19 13:50:22,180] Trial 76 finished with value: 0.96875 and parameters: {'learning_rate': 0.005064464688872079, 'batch_size': 64, 'embed_dim': 32, 'depth': 5}. Best is trial 3 with value: 1.0.
[I 2023-12-19 13:54:01,846] Trial 77 finished with value: 1.0 and parameters: {'learning_rate': 0.001506365922180855, 'batch_size': 16, 'embed_dim': 32, 'depth': 4}. Best is trial 3 with value: 1.0.
[I 2023-12-19 13:54:22,404] Trial 78 finished with value: 0.90234375 and parameters: {'learning_rate': 5.1331459604522796e-05, 'batch_size': 512, 'embed_dim': 32, 'depth': 3}. Best is trial 3 with value: 1.0.
[I 2023-12-19 13:59:44,630] Trial 79 finished with value: 0.5625 and parameters: {'learning_rate': 0.003656237114934046, 'batch_size': 16, 'embed_dim': 256, 'depth': 4}. Best is trial 3 with value: 1.0.
[I 2023-12-19 14:01:05,202] Trial 80 finished with value: 0.96875 and parameters: {'learning_rate': 2.5907652671796343e-05, 'batch_size': 32, 'embed_dim': 128, 'depth': 1}. Best is trial 3 with value: 1.0.
[I 2023-12-19 14:04:40,441] Trial 81 finished with value: 1.0 and parameters: {'learning_rate': 1.5042715861365146e-05, 'batch_size': 16, 'embed_dim': 32, 'depth': 4}. Best is trial 3 with value: 1.0.
[I 2023-12-19 14:08:17,366] Trial 82 finished with value: 1.0 and parameters: {'learning_rate': 1.7011873017776513e-05, 'batch_size': 16, 'embed_dim': 32, 'depth': 4}. Best is trial 3 with value: 1.0.
[I 2023-12-19 14:11:50,353] Trial 83 finished with value: 1.0 and parameters: {'learning_rate': 1.2703079769162174e-05, 'batch_size': 16, 'embed_dim': 32, 'depth': 4}. Best is trial 3 with value: 1.0.
[I 2023-12-19 14:12:19,276] Trial 84 finished with value: 0.88671875 and parameters: {'learning_rate': 3.139116637269593e-05, 'batch_size': 256, 'embed_dim': 32, 'depth': 4}. Best is trial 3 with value: 1.0.
[I 2023-12-19 14:12:42,353] Trial 85 finished with value: 0.9377431869506836 and parameters: {'learning_rate': 0.002446359502913497, 'batch_size': 1028, 'embed_dim': 32, 'depth': 4}. Best is trial 3 with value: 1.0.
[I 2023-12-19 14:16:58,094] Trial 86 finished with value: 1.0 and parameters: {'learning_rate': 1.890646418563949e-05, 'batch_size': 16, 'embed_dim': 32, 'depth': 5}. Best is trial 3 with value: 1.0.
[I 2023-12-19 14:20:31,485] Trial 87 finished with value: 0.8125 and parameters: {'learning_rate': 0.007494290507563104, 'batch_size': 16, 'embed_dim': 32, 'depth': 4}. Best is trial 3 with value: 1.0.
[I 2023-12-19 14:21:08,614] Trial 88 finished with value: 0.953125 and parameters: {'learning_rate': 0.0007928873032278223, 'batch_size': 128, 'embed_dim': 32, 'depth': 4}. Best is trial 3 with value: 1.0.
[I 2023-12-19 14:23:30,217] Trial 89 finished with value: 1.0 and parameters: {'learning_rate': 0.0012641979964168328, 'batch_size': 16, 'embed_dim': 64, 'depth': 2}. Best is trial 3 with value: 1.0.
[I 2023-12-19 14:27:03,083] Trial 90 finished with value: 1.0 and parameters: {'learning_rate': 2.3082646482798155e-05, 'batch_size': 16, 'embed_dim': 32, 'depth': 4}. Best is trial 3 with value: 1.0.
[I 2023-12-19 14:30:38,430] Trial 91 finished with value: 1.0 and parameters: {'learning_rate': 4.101307037924985e-05, 'batch_size': 16, 'embed_dim': 32, 'depth': 4}. Best is trial 3 with value: 1.0.
[I 2023-12-19 14:34:14,869] Trial 92 finished with value: 1.0 and parameters: {'learning_rate': 2.123439500398487e-05, 'batch_size': 16, 'embed_dim': 32, 'depth': 4}. Best is trial 3 with value: 1.0.
[I 2023-12-19 14:37:47,477] Trial 93 finished with value: 1.0 and parameters: {'learning_rate': 1.1978651405538666e-05, 'batch_size': 16, 'embed_dim': 32, 'depth': 4}. Best is trial 3 with value: 1.0.
[I 2023-12-19 14:41:23,228] Trial 94 finished with value: 1.0 and parameters: {'learning_rate': 0.001908612184232816, 'batch_size': 16, 'embed_dim': 32, 'depth': 4}. Best is trial 3 with value: 1.0.
[I 2023-12-19 14:46:23,423] Trial 95 finished with value: 1.0 and parameters: {'learning_rate': 1.0194401273845553e-05, 'batch_size': 16, 'embed_dim': 32, 'depth': 6}. Best is trial 3 with value: 1.0.
[I 2023-12-19 14:50:40,335] Trial 96 finished with value: 1.0 and parameters: {'learning_rate': 0.0029127471541650746, 'batch_size': 16, 'embed_dim': 32, 'depth': 5}. Best is trial 3 with value: 1.0.
[I 2023-12-19 14:54:15,441] Trial 97 finished with value: 1.0 and parameters: {'learning_rate': 6.148076738292783e-05, 'batch_size': 16, 'embed_dim': 32, 'depth': 4}. Best is trial 3 with value: 1.0.
[I 2023-12-19 14:56:23,862] Trial 98 finished with value: 0.96875 and parameters: {'learning_rate': 2.8772602552857343e-05, 'batch_size': 64, 'embed_dim': 128, 'depth': 3}. Best is trial 3 with value: 1.0.
[I 2023-12-19 14:57:49,649] Trial 99 finished with value: 0.51171875 and parameters: {'learning_rate': 0.004886904441647187, 'batch_size': 512, 'embed_dim': 256, 'depth': 4}. Best is trial 3 with value: 1.0.
[I 2023-12-19 14:59:26,892] Trial 100 finished with value: 1.0 and parameters: {'learning_rate': 0.00021381676748918362, 'batch_size': 16, 'embed_dim': 32, 'depth': 1}. Best is trial 3 with value: 1.0.
[I 2023-12-19 15:04:01,560] Trial 101 finished with value: 0.9375 and parameters: {'learning_rate': 0.0005762054854280534, 'batch_size': 16, 'embed_dim': 128, 'depth': 4}. Best is trial 3 with value: 1.0.
[I 2023-12-19 15:08:41,688] Trial 102 finished with value: 0.5625 and parameters: {'learning_rate': 0.004038228099077124, 'batch_size': 16, 'embed_dim': 128, 'depth': 4}. Best is trial 3 with value: 1.0.
[I 2023-12-19 15:13:17,413] Trial 103 finished with value: 0.875 and parameters: {'learning_rate': 0.0007317910781470547, 'batch_size': 16, 'embed_dim': 128, 'depth': 4}. Best is trial 3 with value: 1.0.
[I 2023-12-19 15:17:12,947] Trial 104 finished with value: 0.96875 and parameters: {'learning_rate': 0.0004262361768177225, 'batch_size': 32, 'embed_dim': 128, 'depth': 4}. Best is trial 3 with value: 1.0.
[I 2023-12-19 15:20:45,294] Trial 105 finished with value: 1.0 and parameters: {'learning_rate': 0.001067487544961484, 'batch_size': 16, 'embed_dim': 32, 'depth': 4}. Best is trial 3 with value: 1.0.
[I 2023-12-19 15:21:13,585] Trial 106 finished with value: 0.9212062358856201 and parameters: {'learning_rate': 0.00029883700473036826, 'batch_size': 1028, 'embed_dim': 32, 'depth': 5}. Best is trial 3 with value: 1.0.
[I 2023-12-19 15:21:42,175] Trial 107 finished with value: 0.8515625 and parameters: {'learning_rate': 1.3796972059606346e-05, 'batch_size': 256, 'embed_dim': 32, 'depth': 4}. Best is trial 3 with value: 1.0.
[I 2023-12-19 15:24:48,217] Trial 108 finished with value: 0.75 and parameters: {'learning_rate': 0.0062687111335354715, 'batch_size': 16, 'embed_dim': 64, 'depth': 3}. Best is trial 3 with value: 1.0.
[I 2023-12-19 15:28:22,111] Trial 109 finished with value: 1.0 and parameters: {'learning_rate': 0.002831673623878948, 'batch_size': 16, 'embed_dim': 32, 'depth': 4}. Best is trial 3 with value: 1.0.
[I 2023-12-19 15:29:42,727] Trial 110 finished with value: 0.828125 and parameters: {'learning_rate': 0.001684855784690615, 'batch_size': 128, 'embed_dim': 128, 'depth': 4}. Best is trial 3 with value: 1.0.
[I 2023-12-19 15:35:00,242] Trial 111 finished with value: 1.0 and parameters: {'learning_rate': 0.00010904520312427303, 'batch_size': 16, 'embed_dim': 256, 'depth': 4}. Best is trial 3 with value: 1.0.
[I 2023-12-19 15:40:20,774] Trial 112 finished with value: 1.0 and parameters: {'learning_rate': 0.0001662626274406977, 'batch_size': 16, 'embed_dim': 256, 'depth': 4}. Best is trial 3 with value: 1.0.
[I 2023-12-19 15:45:38,709] Trial 113 finished with value: 0.875 and parameters: {'learning_rate': 0.00045802368021447996, 'batch_size': 16, 'embed_dim': 256, 'depth': 4}. Best is trial 3 with value: 1.0.
[I 2023-12-19 15:51:00,990] Trial 114 finished with value: 0.75 and parameters: {'learning_rate': 0.0009195166360844729, 'batch_size': 16, 'embed_dim': 256, 'depth': 4}. Best is trial 3 with value: 1.0.
[I 2023-12-19 15:55:58,727] Trial 115 finished with value: 1.0 and parameters: {'learning_rate': 1.778525976486917e-05, 'batch_size': 16, 'embed_dim': 32, 'depth': 6}. Best is trial 3 with value: 1.0.
[I 2023-12-19 15:59:08,161] Trial 116 finished with value: 0.9375 and parameters: {'learning_rate': 0.00025507757370807365, 'batch_size': 16, 'embed_dim': 256, 'depth': 2}. Best is trial 3 with value: 1.0.
[I 2023-12-19 16:02:43,341] Trial 117 finished with value: 1.0 and parameters: {'learning_rate': 0.002196098450245263, 'batch_size': 16, 'embed_dim': 32, 'depth': 4}. Best is trial 3 with value: 1.0.
[I 2023-12-19 16:07:00,505] Trial 118 finished with value: 1.0 and parameters: {'learning_rate': 8.721906147154074e-05, 'batch_size': 16, 'embed_dim': 32, 'depth': 5}. Best is trial 3 with value: 1.0.
[I 2023-12-19 16:10:34,918] Trial 119 finished with value: 1.0 and parameters: {'learning_rate': 0.001445613133652521, 'batch_size': 16, 'embed_dim': 32, 'depth': 4}. Best is trial 3 with value: 1.0.
[I 2023-12-19 16:12:03,479] Trial 120 finished with value: 1.0 and parameters: {'learning_rate': 0.00346064452845584, 'batch_size': 64, 'embed_dim': 32, 'depth': 3}. Best is trial 3 with value: 1.0.
[I 2023-12-19 16:14:58,103] Trial 121 finished with value: 1.0 and parameters: {'learning_rate': 2.779701574688965e-05, 'batch_size': 16, 'embed_dim': 32, 'depth': 3}. Best is trial 3 with value: 1.0.
[I 2023-12-19 16:18:36,263] Trial 122 finished with value: 1.0 and parameters: {'learning_rate': 1.8760401406680335e-05, 'batch_size': 16, 'embed_dim': 32, 'depth': 4}. Best is trial 3 with value: 1.0.
[I 2023-12-19 16:21:30,187] Trial 123 finished with value: 1.0 and parameters: {'learning_rate': 3.856747748436377e-05, 'batch_size': 16, 'embed_dim': 32, 'depth': 3}. Best is trial 3 with value: 1.0.
[I 2023-12-19 16:24:26,753] Trial 124 finished with value: 1.0 and parameters: {'learning_rate': 1.4847386768869614e-05, 'batch_size': 16, 'embed_dim': 32, 'depth': 3}. Best is trial 3 with value: 1.0.
[I 2023-12-19 16:24:46,676] Trial 125 finished with value: 0.865234375 and parameters: {'learning_rate': 2.088661121570151e-05, 'batch_size': 512, 'embed_dim': 32, 'depth': 3}. Best is trial 3 with value: 1.0.
[I 2023-12-19 16:28:20,700] Trial 126 finished with value: 1.0 and parameters: {'learning_rate': 4.625374896722594e-05, 'batch_size': 16, 'embed_dim': 32, 'depth': 4}. Best is trial 3 with value: 1.0.
[I 2023-12-19 16:29:57,541] Trial 127 finished with value: 1.0 and parameters: {'learning_rate': 0.0006332294312057905, 'batch_size': 16, 'embed_dim': 32, 'depth': 1}. Best is trial 3 with value: 1.0.
[I 2023-12-19 16:32:24,963] Trial 128 finished with value: 0.9375 and parameters: {'learning_rate': 1.172966950961324e-05, 'batch_size': 32, 'embed_dim': 32, 'depth': 4}. Best is trial 3 with value: 1.0.
[I 2023-12-19 16:36:18,511] Trial 129 finished with value: 0.75 and parameters: {'learning_rate': 0.005256968937447163, 'batch_size': 16, 'embed_dim': 64, 'depth': 4}. Best is trial 3 with value: 1.0.
[I 2023-12-19 16:37:37,621] Trial 130 finished with value: 0.9296875 and parameters: {'learning_rate': 6.471102615964996e-05, 'batch_size': 256, 'embed_dim': 128, 'depth': 5}. Best is trial 3 with value: 1.0.
[I 2023-12-19 16:41:16,406] Trial 131 finished with value: 1.0 and parameters: {'learning_rate': 0.0008510348027874525, 'batch_size': 16, 'embed_dim': 32, 'depth': 4}. Best is trial 3 with value: 1.0.
[I 2023-12-19 16:44:51,744] Trial 132 finished with value: 1.0 and parameters: {'learning_rate': 0.00036871991936630606, 'batch_size': 16, 'embed_dim': 32, 'depth': 4}. Best is trial 3 with value: 1.0.
[I 2023-12-19 16:48:27,347] Trial 133 finished with value: 1.0 and parameters: {'learning_rate': 1.6301548990415402e-05, 'batch_size': 16, 'embed_dim': 32, 'depth': 4}. Best is trial 3 with value: 1.0.
[I 2023-12-19 16:52:01,719] Trial 134 finished with value: 1.0 and parameters: {'learning_rate': 0.0004945799806235689, 'batch_size': 16, 'embed_dim': 32, 'depth': 4}. Best is trial 3 with value: 1.0.
[I 2023-12-19 16:52:24,857] Trial 135 finished with value: 0.8394941687583923 and parameters: {'learning_rate': 2.5900033886154797e-05, 'batch_size': 1028, 'embed_dim': 32, 'depth': 4}. Best is trial 3 with value: 1.0.
[I 2023-12-19 16:55:57,310] Trial 136 finished with value: 1.0 and parameters: {'learning_rate': 0.0018666163501902843, 'batch_size': 16, 'embed_dim': 32, 'depth': 4}. Best is trial 3 with value: 1.0.
[I 2023-12-19 17:00:12,445] Trial 137 finished with value: 0.6875 and parameters: {'learning_rate': 0.001268722170556845, 'batch_size': 16, 'embed_dim': 256, 'depth': 3}. Best is trial 3 with value: 1.0.
[I 2023-12-19 17:02:27,031] Trial 138 finished with value: 1.0 and parameters: {'learning_rate': 0.0025768379687486766, 'batch_size': 16, 'embed_dim': 32, 'depth': 2}. Best is trial 3 with value: 1.0.
[I 2023-12-19 17:03:04,533] Trial 139 finished with value: 0.96875 and parameters: {'learning_rate': 0.0005634490104439552, 'batch_size': 128, 'embed_dim': 32, 'depth': 4}. Best is trial 3 with value: 1.0.
[I 2023-12-19 17:06:36,965] Trial 140 finished with value: 1.0 and parameters: {'learning_rate': 1.301217516692501e-05, 'batch_size': 16, 'embed_dim': 32, 'depth': 4}. Best is trial 3 with value: 1.0.
[I 2023-12-19 17:10:51,008] Trial 141 finished with value: 1.0 and parameters: {'learning_rate': 0.003150929588577968, 'batch_size': 16, 'embed_dim': 32, 'depth': 5}. Best is trial 3 with value: 1.0.
[I 2023-12-19 17:15:06,830] Trial 142 finished with value: 1.0 and parameters: {'learning_rate': 0.0023162350662043127, 'batch_size': 16, 'embed_dim': 32, 'depth': 5}. Best is trial 3 with value: 1.0.
[I 2023-12-19 17:20:00,152] Trial 143 finished with value: 1.0 and parameters: {'learning_rate': 0.0013871577854138604, 'batch_size': 16, 'embed_dim': 32, 'depth': 6}. Best is trial 3 with value: 1.0.
[I 2023-12-19 17:24:17,460] Trial 144 finished with value: 0.9375 and parameters: {'learning_rate': 0.004305056515545198, 'batch_size': 16, 'embed_dim': 32, 'depth': 5}. Best is trial 3 with value: 1.0.
[I 2023-12-19 17:29:52,439] Trial 145 finished with value: 0.875 and parameters: {'learning_rate': 0.0017923363582752906, 'batch_size': 16, 'embed_dim': 128, 'depth': 5}. Best is trial 3 with value: 1.0.
[I 2023-12-19 17:33:29,380] Trial 146 finished with value: 1.0 and parameters: {'learning_rate': 0.0010452322926727872, 'batch_size': 16, 'embed_dim': 32, 'depth': 4}. Best is trial 3 with value: 1.0.
[I 2023-12-19 17:37:46,964] Trial 147 finished with value: 1.0 and parameters: {'learning_rate': 0.003355086129415275, 'batch_size': 16, 'embed_dim': 32, 'depth': 5}. Best is trial 3 with value: 1.0.
[I 2023-12-19 17:41:19,899] Trial 148 finished with value: 1.0 and parameters: {'learning_rate': 1.0409773616371669e-05, 'batch_size': 16, 'embed_dim': 32, 'depth': 4}. Best is trial 3 with value: 1.0.
[I 2023-12-19 17:45:33,159] Trial 149 finished with value: 0.75 and parameters: {'learning_rate': 0.0007154810252876507, 'batch_size': 16, 'embed_dim': 256, 'depth': 3}. Best is trial 3 with value: 1.0.
[I 2023-12-19 17:47:23,857] Trial 150 finished with value: 0.984375 and parameters: {'learning_rate': 0.0021266008207929767, 'batch_size': 64, 'embed_dim': 32, 'depth': 4}. Best is trial 3 with value: 1.0.
[I 2023-12-19 17:49:00,768] Trial 151 finished with value: 1.0 and parameters: {'learning_rate': 0.00417953612454005, 'batch_size': 16, 'embed_dim': 32, 'depth': 1}. Best is trial 3 with value: 1.0.
[I 2023-12-19 17:50:42,418] Trial 152 finished with value: 0.5625 and parameters: {'learning_rate': 0.009772930165323082, 'batch_size': 16, 'embed_dim': 32, 'depth': 1}. Best is trial 3 with value: 1.0.
[I 2023-12-19 17:52:20,004] Trial 153 finished with value: 1.0 and parameters: {'learning_rate': 0.0026879207480933853, 'batch_size': 16, 'embed_dim': 32, 'depth': 1}. Best is trial 3 with value: 1.0.
[I 2023-12-19 17:53:58,870] Trial 154 finished with value: 0.9375 and parameters: {'learning_rate': 2.3000236879544907e-05, 'batch_size': 16, 'embed_dim': 32, 'depth': 1}. Best is trial 3 with value: 1.0.
[I 2023-12-19 17:54:23,697] Trial 155 finished with value: 0.939453125 and parameters: {'learning_rate': 0.004920002641636248, 'batch_size': 512, 'embed_dim': 32, 'depth': 4}. Best is trial 3 with value: 1.0.
[I 2023-12-19 17:56:00,254] Trial 156 finished with value: 1.0 and parameters: {'learning_rate': 0.003946121129003522, 'batch_size': 16, 'embed_dim': 32, 'depth': 1}. Best is trial 3 with value: 1.0.
[I 2023-12-19 17:59:50,948] Trial 157 finished with value: 1.0 and parameters: {'learning_rate': 0.0003895004881855924, 'batch_size': 16, 'embed_dim': 64, 'depth': 4}. Best is trial 3 with value: 1.0.
[I 2023-12-19 18:03:44,383] Trial 158 finished with value: 1.0 and parameters: {'learning_rate': 0.00014059728662882482, 'batch_size': 32, 'embed_dim': 128, 'depth': 4}. Best is trial 3 with value: 1.0.
[I 2023-12-19 18:06:39,987] Trial 159 finished with value: 1.0 and parameters: {'learning_rate': 3.2583080299410706e-05, 'batch_size': 16, 'embed_dim': 32, 'depth': 3}. Best is trial 3 with value: 1.0.
[I 2023-12-19 18:07:14,622] Trial 160 finished with value: 0.94921875 and parameters: {'learning_rate': 0.0034786242621343633, 'batch_size': 256, 'embed_dim': 32, 'depth': 5}. Best is trial 3 with value: 1.0.
[I 2023-12-19 18:10:49,013] Trial 161 finished with value: 1.0 and parameters: {'learning_rate': 0.0029836390157613486, 'batch_size': 16, 'embed_dim': 32, 'depth': 4}. Best is trial 3 with value: 1.0.
[I 2023-12-19 18:14:24,379] Trial 162 finished with value: 1.0 and parameters: {'learning_rate': 0.002146632791251754, 'batch_size': 16, 'embed_dim': 32, 'depth': 4}. Best is trial 3 with value: 1.0.
[I 2023-12-19 18:18:02,083] Trial 163 finished with value: 0.9375 and parameters: {'learning_rate': 0.007627711620139652, 'batch_size': 16, 'embed_dim': 32, 'depth': 4}. Best is trial 3 with value: 1.0.
[I 2023-12-19 18:21:35,058] Trial 164 finished with value: 0.8125 and parameters: {'learning_rate': 0.006089567206985899, 'batch_size': 16, 'embed_dim': 32, 'depth': 4}. Best is trial 3 with value: 1.0.
[I 2023-12-19 18:25:10,927] Trial 165 finished with value: 1.0 and parameters: {'learning_rate': 1.5601224634297866e-05, 'batch_size': 16, 'embed_dim': 32, 'depth': 4}. Best is trial 3 with value: 1.0.
[I 2023-12-19 18:26:36,945] Trial 166 finished with value: 0.9309338331222534 and parameters: {'learning_rate': 0.0002913089947305334, 'batch_size': 1028, 'embed_dim': 256, 'depth': 4}. Best is trial 3 with value: 1.0.
[I 2023-12-19 18:30:13,699] Trial 167 finished with value: 1.0 and parameters: {'learning_rate': 0.0016850670086253244, 'batch_size': 16, 'embed_dim': 32, 'depth': 4}. Best is trial 3 with value: 1.0.
[I 2023-12-19 18:32:30,353] Trial 168 finished with value: 1.0 and parameters: {'learning_rate': 2.0839858815692334e-05, 'batch_size': 16, 'embed_dim': 32, 'depth': 2}. Best is trial 3 with value: 1.0.
[I 2023-12-19 18:36:05,351] Trial 169 finished with value: 1.0 and parameters: {'learning_rate': 0.002550843437660347, 'batch_size': 16, 'embed_dim': 32, 'depth': 4}. Best is trial 3 with value: 1.0.
[I 2023-12-19 18:38:59,302] Trial 170 finished with value: 1.0 and parameters: {'learning_rate': 1.2628399468781237e-05, 'batch_size': 16, 'embed_dim': 32, 'depth': 3}. Best is trial 3 with value: 1.0.
[I 2023-12-19 18:42:34,736] Trial 171 finished with value: 1.0 and parameters: {'learning_rate': 0.00116644389386417, 'batch_size': 16, 'embed_dim': 32, 'depth': 4}. Best is trial 3 with value: 1.0.
[I 2023-12-19 18:46:11,659] Trial 172 finished with value: 1.0 and parameters: {'learning_rate': 0.0009066792416959446, 'batch_size': 16, 'embed_dim': 32, 'depth': 4}. Best is trial 3 with value: 1.0.
[I 2023-12-19 18:46:48,835] Trial 173 finished with value: 0.9609375 and parameters: {'learning_rate': 0.00359403974867274, 'batch_size': 128, 'embed_dim': 32, 'depth': 4}. Best is trial 3 with value: 1.0.
[I 2023-12-19 18:50:23,416] Trial 174 finished with value: 1.0 and parameters: {'learning_rate': 0.0021858836553866967, 'batch_size': 16, 'embed_dim': 32, 'depth': 4}. Best is trial 3 with value: 1.0.
[I 2023-12-19 18:56:53,111] Trial 175 finished with value: 0.75 and parameters: {'learning_rate': 0.0026962806922768232, 'batch_size': 16, 'embed_dim': 128, 'depth': 6}. Best is trial 3 with value: 1.0.
[I 2023-12-19 19:00:29,552] Trial 176 finished with value: 1.0 and parameters: {'learning_rate': 0.001647062641646567, 'batch_size': 16, 'embed_dim': 32, 'depth': 4}. Best is trial 3 with value: 1.0.
[I 2023-12-19 19:04:46,268] Trial 177 finished with value: 0.9375 and parameters: {'learning_rate': 0.004651795259443091, 'batch_size': 16, 'embed_dim': 32, 'depth': 5}. Best is trial 3 with value: 1.0.
[I 2023-12-19 19:08:21,661] Trial 178 finished with value: 1.0 and parameters: {'learning_rate': 1.0065626538374631e-05, 'batch_size': 16, 'embed_dim': 32, 'depth': 4}. Best is trial 3 with value: 1.0.
[I 2023-12-19 19:13:41,906] Trial 179 finished with value: 0.6875 and parameters: {'learning_rate': 0.0030800713599268502, 'batch_size': 16, 'embed_dim': 256, 'depth': 4}. Best is trial 3 with value: 1.0.
[I 2023-12-19 19:15:19,635] Trial 180 finished with value: 1.0 and parameters: {'learning_rate': 0.0006916179694293358, 'batch_size': 16, 'embed_dim': 32, 'depth': 1}. Best is trial 3 with value: 1.0.
[I 2023-12-19 19:18:53,752] Trial 181 finished with value: 1.0 and parameters: {'learning_rate': 0.001886068064242409, 'batch_size': 16, 'embed_dim': 32, 'depth': 4}. Best is trial 3 with value: 1.0.
[I 2023-12-19 19:22:27,013] Trial 182 finished with value: 1.0 and parameters: {'learning_rate': 0.002523319430335773, 'batch_size': 16, 'embed_dim': 32, 'depth': 4}. Best is trial 3 with value: 1.0.
[I 2023-12-19 19:26:00,649] Trial 183 finished with value: 1.0 and parameters: {'learning_rate': 0.0014865222402712908, 'batch_size': 16, 'embed_dim': 32, 'depth': 4}. Best is trial 3 with value: 1.0.
[I 2023-12-19 19:29:36,934] Trial 184 finished with value: 1.0 and parameters: {'learning_rate': 0.0034350529180635805, 'batch_size': 16, 'embed_dim': 32, 'depth': 4}. Best is trial 3 with value: 1.0.
[I 2023-12-19 19:31:04,597] Trial 185 finished with value: 0.921875 and parameters: {'learning_rate': 1.7455492776063022e-05, 'batch_size': 64, 'embed_dim': 32, 'depth': 3}. Best is trial 3 with value: 1.0.
[I 2023-12-19 19:34:40,101] Trial 186 finished with value: 1.0 and parameters: {'learning_rate': 0.0038877990140772875, 'batch_size': 16, 'embed_dim': 32, 'depth': 4}. Best is trial 3 with value: 1.0.
[I 2023-12-19 19:35:16,520] Trial 187 finished with value: 0.904296875 and parameters: {'learning_rate': 0.005700257147530581, 'batch_size': 512, 'embed_dim': 64, 'depth': 4}. Best is trial 3 with value: 1.0.
[I 2023-12-19 19:39:36,343] Trial 188 finished with value: 1.0 and parameters: {'learning_rate': 0.0020594444165843986, 'batch_size': 16, 'embed_dim': 32, 'depth': 5}. Best is trial 3 with value: 1.0.
[I 2023-12-19 19:43:08,670] Trial 189 finished with value: 1.0 and parameters: {'learning_rate': 1.4467317007716695e-05, 'batch_size': 16, 'embed_dim': 32, 'depth': 4}. Best is trial 3 with value: 1.0.
[I 2023-12-19 19:47:01,939] Trial 190 finished with value: 0.9375 and parameters: {'learning_rate': 0.0013177665374407594, 'batch_size': 32, 'embed_dim': 128, 'depth': 4}. Best is trial 3 with value: 1.0.
[I 2023-12-19 19:50:36,295] Trial 191 finished with value: 1.0 and parameters: {'learning_rate': 0.001528984918414005, 'batch_size': 16, 'embed_dim': 32, 'depth': 4}. Best is trial 3 with value: 1.0.
[I 2023-12-19 19:54:10,078] Trial 192 finished with value: 1.0 and parameters: {'learning_rate': 0.0010775102517120733, 'batch_size': 16, 'embed_dim': 32, 'depth': 4}. Best is trial 3 with value: 1.0.
[I 2023-12-19 19:57:47,418] Trial 193 finished with value: 1.0 and parameters: {'learning_rate': 0.0029544650213065523, 'batch_size': 16, 'embed_dim': 32, 'depth': 4}. Best is trial 3 with value: 1.0.
[I 2023-12-19 20:01:19,565] Trial 194 finished with value: 1.0 and parameters: {'learning_rate': 0.0024530457863541975, 'batch_size': 16, 'embed_dim': 32, 'depth': 4}. Best is trial 3 with value: 1.0.
[I 2023-12-19 20:04:55,610] Trial 195 finished with value: 1.0 and parameters: {'learning_rate': 0.0018471824364853485, 'batch_size': 16, 'embed_dim': 32, 'depth': 4}. Best is trial 3 with value: 1.0.
[I 2023-12-19 20:07:49,495] Trial 196 finished with value: 1.0 and parameters: {'learning_rate': 0.0008811307075225911, 'batch_size': 16, 'embed_dim': 32, 'depth': 3}. Best is trial 3 with value: 1.0.
[I 2023-12-19 20:08:18,343] Trial 197 finished with value: 0.94921875 and parameters: {'learning_rate': 0.003965643956324089, 'batch_size': 256, 'embed_dim': 32, 'depth': 4}. Best is trial 3 with value: 1.0.
[I 2023-12-19 20:10:30,689] Trial 198 finished with value: 1.0 and parameters: {'learning_rate': 1.2320539583173995e-05, 'batch_size': 16, 'embed_dim': 256, 'depth': 1}. Best is trial 3 with value: 1.0.
[I 2023-12-19 20:10:53,955] Trial 199 finished with value: 0.9309338331222534 and parameters: {'learning_rate': 0.0006076970440811943, 'batch_size': 1028, 'embed_dim': 32, 'depth': 4}. Best is trial 3 with value: 1.0.
[I 2023-12-19 20:15:09,224] Trial 200 finished with value: 1.0 and parameters: {'learning_rate': 7.851976034969984e-05, 'batch_size': 16, 'embed_dim': 32, 'depth': 5}. Best is trial 3 with value: 1.0.
[I 2023-12-19 20:17:26,113] Trial 201 finished with value: 1.0 and parameters: {'learning_rate': 3.199561971891281e-05, 'batch_size': 16, 'embed_dim': 32, 'depth': 2}. Best is trial 3 with value: 1.0.
[I 2023-12-19 20:19:41,031] Trial 202 finished with value: 1.0 and parameters: {'learning_rate': 2.5450729271991827e-05, 'batch_size': 16, 'embed_dim': 32, 'depth': 2}. Best is trial 3 with value: 1.0.
[I 2023-12-19 20:21:58,310] Trial 203 finished with value: 1.0 and parameters: {'learning_rate': 0.0022054389858023795, 'batch_size': 16, 'embed_dim': 32, 'depth': 2}. Best is trial 3 with value: 1.0.
slurmstepd: error: *** STEP 64347.0 ON ip-26-0-152-246 CANCELLED AT 2023-12-19T20:22:03 ***
slurmstepd: error: *** JOB 64347 ON ip-26-0-152-246 CANCELLED AT 2023-12-19T20:22:03 ***
srun: Job step aborted: Waiting up to 32 seconds for job step to finish.
