[I 2023-12-19 20:39:37,714] A new study created in memory with name: no-name-e374f74d-06ae-4cdd-9ac2-b7a206e8c3f2
2023-12-19 20:39:42.134588: W external/xla/xla/service/gpu/nvptx_compiler.cc:698] The NVIDIA driver's CUDA version is 12.0 which is older than the ptxas CUDA version (12.3.103). Because the driver is older than the ptxas version, XLA is disabling parallel compilation, which may slow down compilation. You should update your NVIDIA driver or use the NVIDIA-provided CUDA forward compatibility packages.
[I 2023-12-19 20:42:38,581] Trial 0 finished with value: 0.9333333333333332 and parameters: {'learning_rate': 0.00031489116479568613, 'batch_size': 8, 'embed_dim': 32, 'depth': 6}. Best is trial 0 with value: 0.9333333333333332.
[I 2023-12-19 20:43:33,201] Trial 1 finished with value: 0.85 and parameters: {'learning_rate': 3.613894271216525e-05, 'batch_size': 64, 'embed_dim': 128, 'depth': 3}. Best is trial 0 with value: 0.9333333333333332.
[I 2023-12-19 20:43:53,757] Trial 2 finished with value: 0.32814526359240215 and parameters: {'learning_rate': 1.3726318898045866e-05, 'batch_size': 1028, 'embed_dim': 16, 'depth': 6}. Best is trial 0 with value: 0.9333333333333332.
[I 2023-12-19 20:44:07,402] Trial 3 finished with value: 0.8291666666666666 and parameters: {'learning_rate': 0.00026730883107816685, 'batch_size': 256, 'embed_dim': 16, 'depth': 3}. Best is trial 0 with value: 0.9333333333333332.
[I 2023-12-19 20:45:04,584] Trial 4 finished with value: 0.834375 and parameters: {'learning_rate': 0.00017535949529764417, 'batch_size': 64, 'embed_dim': 16, 'depth': 6}. Best is trial 0 with value: 0.9333333333333332.
[I 2023-12-19 20:45:25,228] Trial 5 finished with value: 0.8548177083333333 and parameters: {'learning_rate': 9.935023909063687e-05, 'batch_size': 512, 'embed_dim': 128, 'depth': 2}. Best is trial 0 with value: 0.9333333333333332.
1: Train Metrics(loss=0.6476299166679382, accuracy=0.875), Test Metrics(loss=0.5396900773048401, accuracy=0.75)
2: Train Metrics(loss=0.07876148074865341, accuracy=1.0), Test Metrics(loss=0.047132305800914764, accuracy=1.0)
3: Train Metrics(loss=0.19771432876586914, accuracy=0.875), Test Metrics(loss=0.06674393266439438, accuracy=1.0)
4: Train Metrics(loss=0.0485440157353878, accuracy=1.0), Test Metrics(loss=0.6900624632835388, accuracy=0.75)
5: Train Metrics(loss=0.3070458173751831, accuracy=0.875), Test Metrics(loss=0.016597207635641098, accuracy=1.0)
6: Train Metrics(loss=0.07978855073451996, accuracy=1.0), Test Metrics(loss=0.018504150211811066, accuracy=1.0)
7: Train Metrics(loss=0.18173211812973022, accuracy=1.0), Test Metrics(loss=0.2700193524360657, accuracy=1.0)
8: Train Metrics(loss=0.5441854596138, accuracy=0.875), Test Metrics(loss=0.2830497622489929, accuracy=0.875)
9: Train Metrics(loss=0.17833058536052704, accuracy=0.875), Test Metrics(loss=0.057203445583581924, accuracy=1.0)
10: Train Metrics(loss=0.012417586520314217, accuracy=1.0), Test Metrics(loss=0.18444135785102844, accuracy=0.875)
1: Train Metrics(loss=0.5994674563407898, accuracy=0.765625), Test Metrics(loss=0.7269495725631714, accuracy=0.765625)
2: Train Metrics(loss=0.45619821548461914, accuracy=0.84375), Test Metrics(loss=0.4544110894203186, accuracy=0.84375)
3: Train Metrics(loss=0.3080942630767822, accuracy=0.90625), Test Metrics(loss=0.5988172292709351, accuracy=0.78125)
4: Train Metrics(loss=0.44824355840682983, accuracy=0.859375), Test Metrics(loss=0.5441452860832214, accuracy=0.828125)
5: Train Metrics(loss=0.35150986909866333, accuracy=0.859375), Test Metrics(loss=0.4005122184753418, accuracy=0.859375)
6: Train Metrics(loss=0.2182917594909668, accuracy=0.9375), Test Metrics(loss=0.25900426506996155, accuracy=0.9375)
7: Train Metrics(loss=0.29298293590545654, accuracy=0.921875), Test Metrics(loss=0.5351485013961792, accuracy=0.84375)
8: Train Metrics(loss=0.28679323196411133, accuracy=0.890625), Test Metrics(loss=0.37081629037857056, accuracy=0.828125)
9: Train Metrics(loss=0.32233908772468567, accuracy=0.890625), Test Metrics(loss=0.4068576991558075, accuracy=0.875)
10: Train Metrics(loss=0.09916502982378006, accuracy=0.96875), Test Metrics(loss=0.5226842164993286, accuracy=0.828125)
1: Train Metrics(loss=2.566692352294922, accuracy=0.10505836457014084), Test Metrics(loss=2.561293601989746, accuracy=0.10408560186624527)
2: Train Metrics(loss=2.4391374588012695, accuracy=0.12354085594415665), Test Metrics(loss=2.400686025619507, accuracy=0.14591439068317413)
3: Train Metrics(loss=2.320469617843628, accuracy=0.14883267879486084), Test Metrics(loss=2.343207359313965, accuracy=0.12645913660526276)
4: Train Metrics(loss=2.221440315246582, accuracy=0.17315174639225006), Test Metrics(loss=2.2205657958984375, accuracy=0.18287937343120575)
5: Train Metrics(loss=2.155172824859619, accuracy=0.2217898815870285), Test Metrics(loss=2.174807548522949, accuracy=0.2315175086259842)
6: Train Metrics(loss=2.0969650745391846, accuracy=0.2587548494338989), Test Metrics(loss=2.0761077404022217, accuracy=0.2597276270389557)
7: Train Metrics(loss=2.044390916824341, accuracy=0.28599220514297485), Test Metrics(loss=2.065347194671631, accuracy=0.25778210163116455)
8: Train Metrics(loss=2.0125339031219482, accuracy=0.287937730550766), Test Metrics(loss=1.9751533269882202, accuracy=0.31712061166763306)
9: Train Metrics(loss=1.9399335384368896, accuracy=0.30739298462867737), Test Metrics(loss=1.9415247440338135, accuracy=0.3404669165611267)
10: Train Metrics(loss=1.8698561191558838, accuracy=0.3599221706390381), Test Metrics(loss=1.9142849445343018, accuracy=0.36673152446746826)
1: Train Metrics(loss=1.1236051321029663, accuracy=0.6328125), Test Metrics(loss=1.2539324760437012, accuracy=0.640625)
2: Train Metrics(loss=0.6948922872543335, accuracy=0.7734375), Test Metrics(loss=0.8773248791694641, accuracy=0.76953125)
3: Train Metrics(loss=0.7079424858093262, accuracy=0.796875), Test Metrics(loss=0.686184287071228, accuracy=0.80078125)
4: Train Metrics(loss=0.5717185735702515, accuracy=0.83984375), Test Metrics(loss=0.554031252861023, accuracy=0.83203125)
5: Train Metrics(loss=0.67002934217453, accuracy=0.78515625), Test Metrics(loss=0.512001097202301, accuracy=0.828125)
6: Train Metrics(loss=0.5502997636795044, accuracy=0.828125), Test Metrics(loss=0.6512330770492554, accuracy=0.81640625)
7: Train Metrics(loss=0.5827538371086121, accuracy=0.796875), Test Metrics(loss=0.5179324150085449, accuracy=0.83203125)
8: Train Metrics(loss=0.62831050157547, accuracy=0.79296875), Test Metrics(loss=0.5215706825256348, accuracy=0.82421875)
9: Train Metrics(loss=0.565212070941925, accuracy=0.8359375), Test Metrics(loss=0.5693590641021729, accuracy=0.81640625)
10: Train Metrics(loss=0.45434248447418213, accuracy=0.86328125), Test Metrics(loss=0.5160089731216431, accuracy=0.84375)
1: Train Metrics(loss=0.7052679061889648, accuracy=0.796875), Test Metrics(loss=1.0230921506881714, accuracy=0.640625)
2: Train Metrics(loss=0.3714490532875061, accuracy=0.953125), Test Metrics(loss=0.5236936211585999, accuracy=0.828125)
3: Train Metrics(loss=0.32736003398895264, accuracy=0.90625), Test Metrics(loss=0.5753763318061829, accuracy=0.84375)
4: Train Metrics(loss=0.5553972125053406, accuracy=0.8125), Test Metrics(loss=0.49213680624961853, accuracy=0.84375)
5: Train Metrics(loss=0.3535400331020355, accuracy=0.890625), Test Metrics(loss=0.30477291345596313, accuracy=0.859375)
6: Train Metrics(loss=0.2766111493110657, accuracy=0.890625), Test Metrics(loss=0.3496987521648407, accuracy=0.890625)
7: Train Metrics(loss=0.4281737208366394, accuracy=0.859375), Test Metrics(loss=0.6173244714736938, accuracy=0.8125)
8: Train Metrics(loss=0.28229424357414246, accuracy=0.890625), Test Metrics(loss=0.3640385866165161, accuracy=0.828125)
9: Train Metrics(loss=0.4645220637321472, accuracy=0.859375), Test Metrics(loss=0.4342445135116577, accuracy=0.84375)
10: Train Metrics(loss=0.19031435251235962, accuracy=0.953125), Test Metrics(loss=0.49661189317703247, accuracy=0.828125)
1: Train Metrics(loss=0.791114330291748, accuracy=0.734375), Test Metrics(loss=0.7587481141090393, accuracy=0.75)
2: Train Metrics(loss=0.6539753079414368, accuracy=0.779296875), Test Metrics(loss=0.6410871744155884, accuracy=0.77734375)
3: Train Metrics(loss=0.5244600772857666, accuracy=0.82421875), Test Metrics(loss=0.6704084277153015, accuracy=0.787109375)
4: Train Metrics(loss=0.4748162627220154, accuracy=0.84765625), Test Metrics(loss=0.5501177310943604, accuracy=0.81640625)
5: Train Metrics(loss=0.4828493595123291, accuracy=0.841796875), Test Metrics(loss=0.5073902606964111, accuracy=0.82421875)
6: Train Metrics(loss=0.4618948698043823, accuracy=0.8671875), Test Metrics(loss=0.43645626306533813, accuracy=0.837890625)
7: Train Metrics(loss=0.417257159948349, accuracy=0.857421875), Test Metrics(loss=0.4355490803718567, accuracy=0.84375)
8: Train Metrics(loss=0.39910125732421875, accuracy=0.87109375), Test Metrics(loss=0.40219470858573914, accuracy=0.849609375)
9: Train Metrics(loss=0.4523637592792511, accuracy=0.859375), Test Metrics(loss=0.3889308273792267, accuracy=0.875)
10: Train Metrics(loss=0.4179590940475464, accuracy=0.8671875), Test Metrics(loss=0.39680835604667664, accuracy=0.849609375)
1: Train Metrics(loss=2.2437801361083984, accuracy=0.22762645781040192), Test Metrics(loss=2.2412009239196777, accuracy=0.306420236825943)
2: Train Metrics(loss=1.939590334892273, accuracy=0.29571983218193054), Test Metrics(loss=2.102077007293701, accuracy=0.25778210163116455)
3: Train Metrics(loss=1.842087745666504, accuracy=0.3336575925350189), Test Metrics(loss=1.8596988916397095, accuracy=0.32392996549606323)
4: Train Metrics(loss=1.945038080215454, accuracy=0.28599220514297485), Test Metrics(loss=1.907455325126648, accuracy=0.3190661370754242)
5: Train Metrics(loss=2.0473806858062744, accuracy=0.2509727478027344), Test Metrics(loss=1.9450407028198242, accuracy=0.25778210163116455)
6: Train Metrics(loss=2.0469157695770264, accuracy=0.28599220514297485), Test Metrics(loss=2.1309492588043213, accuracy=0.28599220514297485)
[I 2023-12-19 20:46:03,873] Trial 6 finished with value: 0.3761348923047383 and parameters: {'learning_rate': 0.018709365688887352, 'batch_size': 1028, 'embed_dim': 128, 'depth': 6}. Best is trial 0 with value: 0.9333333333333332.
[I 2023-12-19 20:46:18,107] Trial 7 finished with value: 0.8765625 and parameters: {'learning_rate': 0.0010249816559563208, 'batch_size': 512, 'embed_dim': 16, 'depth': 4}. Best is trial 0 with value: 0.9333333333333332.
[I 2023-12-19 20:46:24,813] Trial 8 finished with value: 0.10732814421256381 and parameters: {'learning_rate': 1.4557961490251982e-05, 'batch_size': 1028, 'embed_dim': 16, 'depth': 1}. Best is trial 0 with value: 0.9333333333333332.
[I 2023-12-19 20:48:09,016] Trial 9 finished with value: 0.90625 and parameters: {'learning_rate': 9.277034327414714e-05, 'batch_size': 32, 'embed_dim': 256, 'depth': 4}. Best is trial 0 with value: 0.9333333333333332.
[I 2023-12-19 20:50:36,406] Trial 10 finished with value: 0.8999999999999999 and parameters: {'learning_rate': 0.0016427964549276528, 'batch_size': 8, 'embed_dim': 32, 'depth': 5}. Best is trial 0 with value: 0.9333333333333332.
[I 2023-12-19 20:52:12,536] Trial 11 finished with value: 0.22083333333333333 and parameters: {'learning_rate': 0.007255685482622867, 'batch_size': 32, 'embed_dim': 256, 'depth': 4}. Best is trial 0 with value: 0.9333333333333332.
[I 2023-12-19 20:55:15,534] Trial 12 finished with value: 0.7416666666666667 and parameters: {'learning_rate': 0.000370700426467962, 'batch_size': 8, 'embed_dim': 256, 'depth': 4}. Best is trial 0 with value: 0.9333333333333332.
7: Train Metrics(loss=1.775240421295166, accuracy=0.34824901819229126), Test Metrics(loss=1.7997829914093018, accuracy=0.3278210163116455)
8: Train Metrics(loss=1.8327052593231201, accuracy=0.30155640840530396), Test Metrics(loss=1.7169790267944336, accuracy=0.36089494824409485)
9: Train Metrics(loss=1.6181340217590332, accuracy=0.42412450909614563), Test Metrics(loss=1.5804939270019531, accuracy=0.4338521361351013)
10: Train Metrics(loss=1.6991233825683594, accuracy=0.3570038974285126), Test Metrics(loss=1.6929056644439697, accuracy=0.37645915150642395)
1: Train Metrics(loss=0.891954779624939, accuracy=0.720703125), Test Metrics(loss=0.8294023275375366, accuracy=0.75)
2: Train Metrics(loss=0.6086299419403076, accuracy=0.798828125), Test Metrics(loss=0.6313563585281372, accuracy=0.798828125)
3: Train Metrics(loss=0.5438730716705322, accuracy=0.828125), Test Metrics(loss=0.6342554092407227, accuracy=0.806640625)
4: Train Metrics(loss=0.5159450769424438, accuracy=0.845703125), Test Metrics(loss=0.4662531018257141, accuracy=0.861328125)
5: Train Metrics(loss=0.4172668159008026, accuracy=0.87109375), Test Metrics(loss=0.4665202498435974, accuracy=0.84765625)
6: Train Metrics(loss=0.4147447347640991, accuracy=0.865234375), Test Metrics(loss=0.4180050194263458, accuracy=0.8671875)
7: Train Metrics(loss=0.424143522977829, accuracy=0.869140625), Test Metrics(loss=0.4487873613834381, accuracy=0.857421875)
8: Train Metrics(loss=0.4072287976741791, accuracy=0.869140625), Test Metrics(loss=0.3607463538646698, accuracy=0.892578125)
9: Train Metrics(loss=0.45531347393989563, accuracy=0.849609375), Test Metrics(loss=0.3439202904701233, accuracy=0.880859375)
10: Train Metrics(loss=0.3657931089401245, accuracy=0.888671875), Test Metrics(loss=0.3698761463165283, accuracy=0.873046875)
1: Train Metrics(loss=2.6993019580841064, accuracy=0.08268482238054276), Test Metrics(loss=2.643828868865967, accuracy=0.0875486359000206)
2: Train Metrics(loss=2.5927748680114746, accuracy=0.09533073753118515), Test Metrics(loss=2.626985549926758, accuracy=0.08949416130781174)
3: Train Metrics(loss=2.588778495788574, accuracy=0.08073929697275162), Test Metrics(loss=2.569741725921631, accuracy=0.09143968671560287)
4: Train Metrics(loss=2.4801652431488037, accuracy=0.08560311049222946), Test Metrics(loss=2.4889159202575684, accuracy=0.07976653426885605)
5: Train Metrics(loss=2.4936106204986572, accuracy=0.09435797482728958), Test Metrics(loss=2.4884302616119385, accuracy=0.08560311049222946)
6: Train Metrics(loss=2.4323794841766357, accuracy=0.09630350023508072), Test Metrics(loss=2.382281541824341, accuracy=0.10214007645845413)
7: Train Metrics(loss=2.373249053955078, accuracy=0.09533073753118515), Test Metrics(loss=2.4238572120666504, accuracy=0.08463034778833389)
8: Train Metrics(loss=2.3702926635742188, accuracy=0.12159533053636551), Test Metrics(loss=2.3724048137664795, accuracy=0.09435797482728958)
9: Train Metrics(loss=2.3277885913848877, accuracy=0.1031128391623497), Test Metrics(loss=2.3186068534851074, accuracy=0.11673151701688766)
10: Train Metrics(loss=2.302506446838379, accuracy=0.1284046620130539), Test Metrics(loss=2.2846105098724365, accuracy=0.11770427972078323)
1: Train Metrics(loss=0.36802440881729126, accuracy=0.875), Test Metrics(loss=0.49266231060028076, accuracy=0.8125)
2: Train Metrics(loss=0.332518994808197, accuracy=0.875), Test Metrics(loss=0.35898810625076294, accuracy=0.84375)
3: Train Metrics(loss=0.41812562942504883, accuracy=0.9375), Test Metrics(loss=0.6671549081802368, accuracy=0.8125)
4: Train Metrics(loss=0.3307883143424988, accuracy=0.84375), Test Metrics(loss=0.4534250497817993, accuracy=0.84375)
5: Train Metrics(loss=0.48501670360565186, accuracy=0.8125), Test Metrics(loss=0.21129769086837769, accuracy=0.875)
6: Train Metrics(loss=0.28537094593048096, accuracy=0.9375), Test Metrics(loss=0.3210151195526123, accuracy=0.875)
7: Train Metrics(loss=0.20523419976234436, accuracy=0.9375), Test Metrics(loss=0.27525079250335693, accuracy=0.9375)
8: Train Metrics(loss=0.6125401258468628, accuracy=0.8125), Test Metrics(loss=0.14412128925323486, accuracy=0.90625)
9: Train Metrics(loss=0.22066263854503632, accuracy=0.9375), Test Metrics(loss=0.17085005342960358, accuracy=0.9375)
10: Train Metrics(loss=0.21299801766872406, accuracy=0.9375), Test Metrics(loss=0.45467790961265564, accuracy=0.875)
1: Train Metrics(loss=0.3182295560836792, accuracy=0.875), Test Metrics(loss=0.6112711429595947, accuracy=0.75)
2: Train Metrics(loss=0.20286786556243896, accuracy=0.875), Test Metrics(loss=0.32378292083740234, accuracy=0.875)
3: Train Metrics(loss=0.22101609408855438, accuracy=1.0), Test Metrics(loss=0.14837773144245148, accuracy=1.0)
4: Train Metrics(loss=0.07444372773170471, accuracy=1.0), Test Metrics(loss=0.3634149134159088, accuracy=0.875)
5: Train Metrics(loss=0.8451363444328308, accuracy=0.625), Test Metrics(loss=0.0349479503929615, accuracy=1.0)
6: Train Metrics(loss=0.02797633409500122, accuracy=1.0), Test Metrics(loss=0.3004937767982483, accuracy=0.875)
7: Train Metrics(loss=0.26454752683639526, accuracy=0.875), Test Metrics(loss=1.140574336051941, accuracy=0.5)
8: Train Metrics(loss=0.5688686370849609, accuracy=0.75), Test Metrics(loss=0.3408624529838562, accuracy=0.875)
9: Train Metrics(loss=0.05122147873044014, accuracy=1.0), Test Metrics(loss=0.0179345291107893, accuracy=1.0)
10: Train Metrics(loss=0.14860597252845764, accuracy=1.0), Test Metrics(loss=0.09784410148859024, accuracy=1.0)
1: Train Metrics(loss=1.9951781034469604, accuracy=0.25), Test Metrics(loss=2.1285269260406494, accuracy=0.21875)
2: Train Metrics(loss=2.1098265647888184, accuracy=0.28125), Test Metrics(loss=2.1469573974609375, accuracy=0.21875)
3: Train Metrics(loss=2.000507116317749, accuracy=0.3125), Test Metrics(loss=1.941716194152832, accuracy=0.28125)
4: Train Metrics(loss=1.8210712671279907, accuracy=0.25), Test Metrics(loss=1.8867056369781494, accuracy=0.40625)
5: Train Metrics(loss=1.8523014783859253, accuracy=0.25), Test Metrics(loss=2.090507984161377, accuracy=0.1875)
6: Train Metrics(loss=1.9405157566070557, accuracy=0.1875), Test Metrics(loss=1.8043969869613647, accuracy=0.25)
7: Train Metrics(loss=1.9523717164993286, accuracy=0.1875), Test Metrics(loss=2.0957188606262207, accuracy=0.15625)
8: Train Metrics(loss=2.181246757507324, accuracy=0.21875), Test Metrics(loss=2.3374853134155273, accuracy=0.15625)
9: Train Metrics(loss=1.854188323020935, accuracy=0.28125), Test Metrics(loss=1.7562143802642822, accuracy=0.21875)
10: Train Metrics(loss=1.9159979820251465, accuracy=0.21875), Test Metrics(loss=2.005831241607666, accuracy=0.28125)
1: Train Metrics(loss=1.3798946142196655, accuracy=0.625), Test Metrics(loss=2.5067269802093506, accuracy=0.375)
2: Train Metrics(loss=1.1152546405792236, accuracy=0.75), Test Metrics(loss=1.0309702157974243, accuracy=0.625)
3: Train Metrics(loss=1.361080288887024, accuracy=0.5), Test Metrics(loss=1.2373650074005127, accuracy=0.5)
4: Train Metrics(loss=0.7679028511047363, accuracy=0.75), Test Metrics(loss=1.7725229263305664, accuracy=0.375)
5: Train Metrics(loss=1.3957328796386719, accuracy=0.625), Test Metrics(loss=1.171055555343628, accuracy=0.75)
6: Train Metrics(loss=0.940053403377533, accuracy=0.625), Test Metrics(loss=0.7426620125770569, accuracy=0.625)
7: Train Metrics(loss=0.8931753635406494, accuracy=0.625), Test Metrics(loss=1.4636067152023315, accuracy=0.625)
8: Train Metrics(loss=1.6470222473144531, accuracy=0.25), Test Metrics(loss=0.4965139627456665, accuracy=1.0)
9: Train Metrics(loss=0.8482502698898315, accuracy=0.625), Test Metrics(loss=1.1377836465835571, accuracy=0.625)
10: Train Metrics(loss=0.9576810598373413, accuracy=0.625), Test Metrics(loss=0.7808672189712524, accuracy=0.75)
1: Train Metrics(loss=0.5855405330657959, accuracy=0.84375), Test Metrics(loss=0.6662032604217529, accuracy=0.71875)
2: Train Metrics(loss=0.3559877276420593, accuracy=0.84375), Test Metrics(loss=0.3508901000022888, accuracy=0.84375)
3: Train Metrics(loss=0.44774574041366577, accuracy=0.84375), Test Metrics(loss=0.4995691180229187, accuracy=0.84375)
[I 2023-12-19 20:55:45,666] Trial 13 finished with value: 0.8666666666666667 and parameters: {'learning_rate': 0.0029207366164734207, 'batch_size': 32, 'embed_dim': 8, 'depth': 2}. Best is trial 0 with value: 0.9333333333333332.
[I 2023-12-19 20:55:57,615] Trial 14 finished with value: 0.7718750000000001 and parameters: {'learning_rate': 4.367323795983741e-05, 'batch_size': 128, 'embed_dim': 32, 'depth': 1}. Best is trial 0 with value: 0.9333333333333332.
[I 2023-12-19 20:57:45,550] Trial 15 finished with value: 0.95 and parameters: {'learning_rate': 0.0005321733297581075, 'batch_size': 16, 'embed_dim': 64, 'depth': 5}. Best is trial 15 with value: 0.95.
[I 2023-12-19 20:59:26,373] Trial 16 finished with value: 0.95 and parameters: {'learning_rate': 0.0007299591402600596, 'batch_size': 16, 'embed_dim': 64, 'depth': 5}. Best is trial 15 with value: 0.95.
[I 2023-12-19 21:01:04,820] Trial 17 finished with value: 0.375 and parameters: {'learning_rate': 0.07408766950364654, 'batch_size': 16, 'embed_dim': 64, 'depth': 5}. Best is trial 15 with value: 0.95.
[I 2023-12-19 21:02:43,214] Trial 18 finished with value: 0.4916666666666667 and parameters: {'learning_rate': 0.0035219542615325026, 'batch_size': 16, 'embed_dim': 64, 'depth': 5}. Best is trial 15 with value: 0.95.
[I 2023-12-19 21:04:21,030] Trial 19 finished with value: 0.8791666666666667 and parameters: {'learning_rate': 0.000712808544487908, 'batch_size': 16, 'embed_dim': 64, 'depth': 5}. Best is trial 15 with value: 0.95.
4: Train Metrics(loss=0.7354689240455627, accuracy=0.78125), Test Metrics(loss=0.5103977918624878, accuracy=0.875)
5: Train Metrics(loss=0.6357287168502808, accuracy=0.65625), Test Metrics(loss=0.6280301809310913, accuracy=0.71875)
6: Train Metrics(loss=0.387917697429657, accuracy=0.875), Test Metrics(loss=0.28932181000709534, accuracy=0.90625)
7: Train Metrics(loss=0.5297344923019409, accuracy=0.75), Test Metrics(loss=0.4837353229522705, accuracy=0.84375)
8: Train Metrics(loss=0.6282464861869812, accuracy=0.78125), Test Metrics(loss=0.3271769881248474, accuracy=0.90625)
9: Train Metrics(loss=0.43626701831817627, accuracy=0.84375), Test Metrics(loss=0.4363480806350708, accuracy=0.90625)
10: Train Metrics(loss=0.32497140765190125, accuracy=0.84375), Test Metrics(loss=0.4327879250049591, accuracy=0.8125)
1: Train Metrics(loss=1.6287493705749512, accuracy=0.4609375), Test Metrics(loss=1.706126093864441, accuracy=0.3828125)
2: Train Metrics(loss=1.1217925548553467, accuracy=0.625), Test Metrics(loss=1.227484941482544, accuracy=0.5859375)
3: Train Metrics(loss=1.0059541463851929, accuracy=0.6953125), Test Metrics(loss=1.1491012573242188, accuracy=0.625)
4: Train Metrics(loss=0.8058303594589233, accuracy=0.7421875), Test Metrics(loss=0.7739575505256653, accuracy=0.7578125)
5: Train Metrics(loss=0.784802258014679, accuracy=0.7421875), Test Metrics(loss=0.6830949783325195, accuracy=0.765625)
6: Train Metrics(loss=0.7158504128456116, accuracy=0.765625), Test Metrics(loss=0.7479400038719177, accuracy=0.7734375)
7: Train Metrics(loss=0.8686672449111938, accuracy=0.703125), Test Metrics(loss=0.8411815166473389, accuracy=0.7109375)
8: Train Metrics(loss=0.8297852277755737, accuracy=0.7109375), Test Metrics(loss=0.7859712243080139, accuracy=0.75)
9: Train Metrics(loss=0.6185485124588013, accuracy=0.8203125), Test Metrics(loss=0.7212441563606262, accuracy=0.7578125)
10: Train Metrics(loss=0.6105319261550903, accuracy=0.8046875), Test Metrics(loss=0.6915960311889648, accuracy=0.8203125)
1: Train Metrics(loss=0.48830464482307434, accuracy=0.875), Test Metrics(loss=0.4796755313873291, accuracy=0.8125)
2: Train Metrics(loss=0.3441930413246155, accuracy=0.875), Test Metrics(loss=0.07858139276504517, accuracy=1.0)
3: Train Metrics(loss=0.29400435090065, accuracy=0.9375), Test Metrics(loss=0.27772608399391174, accuracy=0.9375)
4: Train Metrics(loss=0.3176538050174713, accuracy=0.8125), Test Metrics(loss=0.4870893657207489, accuracy=0.8125)
5: Train Metrics(loss=0.3915101885795593, accuracy=0.875), Test Metrics(loss=0.4302036762237549, accuracy=0.75)
6: Train Metrics(loss=0.34829238057136536, accuracy=0.9375), Test Metrics(loss=0.14555247128009796, accuracy=0.9375)
7: Train Metrics(loss=0.2991412281990051, accuracy=0.875), Test Metrics(loss=0.135004922747612, accuracy=0.9375)
8: Train Metrics(loss=0.5567262768745422, accuracy=0.875), Test Metrics(loss=0.07979169487953186, accuracy=1.0)
9: Train Metrics(loss=0.14019323885440826, accuracy=1.0), Test Metrics(loss=0.15072490274906158, accuracy=0.9375)
10: Train Metrics(loss=0.25999337434768677, accuracy=0.875), Test Metrics(loss=0.24247397482395172, accuracy=0.9375)
1: Train Metrics(loss=0.42295408248901367, accuracy=0.875), Test Metrics(loss=0.9049525260925293, accuracy=0.75)
2: Train Metrics(loss=0.2430781126022339, accuracy=0.9375), Test Metrics(loss=0.15582554042339325, accuracy=0.9375)
3: Train Metrics(loss=0.42725223302841187, accuracy=0.875), Test Metrics(loss=0.33230724930763245, accuracy=0.875)
4: Train Metrics(loss=0.39330559968948364, accuracy=0.875), Test Metrics(loss=0.2357591986656189, accuracy=0.9375)
5: Train Metrics(loss=0.3668202757835388, accuracy=0.75), Test Metrics(loss=0.6213976144790649, accuracy=0.8125)
6: Train Metrics(loss=0.33997416496276855, accuracy=0.875), Test Metrics(loss=0.12869319319725037, accuracy=0.9375)
7: Train Metrics(loss=0.14650079607963562, accuracy=0.9375), Test Metrics(loss=0.3358434736728668, accuracy=0.875)
8: Train Metrics(loss=0.6325341463088989, accuracy=0.8125), Test Metrics(loss=0.2396722435951233, accuracy=0.9375)
9: Train Metrics(loss=0.2423935979604721, accuracy=0.9375), Test Metrics(loss=0.14476072788238525, accuracy=0.9375)
10: Train Metrics(loss=0.14714962244033813, accuracy=1.0), Test Metrics(loss=0.0640084445476532, accuracy=1.0)
1: Train Metrics(loss=2.2069239616394043, accuracy=0.1875), Test Metrics(loss=2.3039958477020264, accuracy=0.0625)
2: Train Metrics(loss=2.161997079849243, accuracy=0.1875), Test Metrics(loss=1.3260363340377808, accuracy=0.3125)
3: Train Metrics(loss=2.073868751525879, accuracy=0.3125), Test Metrics(loss=2.222740650177002, accuracy=0.25)
4: Train Metrics(loss=1.713779330253601, accuracy=0.3125), Test Metrics(loss=1.9118081331253052, accuracy=0.25)
5: Train Metrics(loss=2.1550514698028564, accuracy=0.1875), Test Metrics(loss=2.116896629333496, accuracy=0.1875)
6: Train Metrics(loss=1.6693631410598755, accuracy=0.3125), Test Metrics(loss=1.8163745403289795, accuracy=0.375)
7: Train Metrics(loss=1.954899549484253, accuracy=0.25), Test Metrics(loss=1.9724944829940796, accuracy=0.375)
8: Train Metrics(loss=2.099423885345459, accuracy=0.0625), Test Metrics(loss=1.91140615940094, accuracy=0.375)
9: Train Metrics(loss=2.3361258506774902, accuracy=0.25), Test Metrics(loss=1.7593426704406738, accuracy=0.375)
10: Train Metrics(loss=2.185947895050049, accuracy=0.1875), Test Metrics(loss=1.808722734451294, accuracy=0.375)
1: Train Metrics(loss=1.5677132606506348, accuracy=0.5), Test Metrics(loss=1.1153216361999512, accuracy=0.5625)
2: Train Metrics(loss=2.020451545715332, accuracy=0.25), Test Metrics(loss=0.8044558763504028, accuracy=0.6875)
3: Train Metrics(loss=1.0749176740646362, accuracy=0.6875), Test Metrics(loss=1.3671345710754395, accuracy=0.4375)
4: Train Metrics(loss=1.2248347997665405, accuracy=0.625), Test Metrics(loss=1.4091041088104248, accuracy=0.4375)
5: Train Metrics(loss=1.5671167373657227, accuracy=0.375), Test Metrics(loss=1.5270581245422363, accuracy=0.4375)
6: Train Metrics(loss=1.4698491096496582, accuracy=0.3125), Test Metrics(loss=1.0977511405944824, accuracy=0.625)
7: Train Metrics(loss=0.9739376902580261, accuracy=0.625), Test Metrics(loss=1.1613572835922241, accuracy=0.5)
8: Train Metrics(loss=1.4189317226409912, accuracy=0.625), Test Metrics(loss=1.1960597038269043, accuracy=0.5)
9: Train Metrics(loss=1.152073621749878, accuracy=0.5), Test Metrics(loss=1.7272840738296509, accuracy=0.4375)
10: Train Metrics(loss=1.4320513010025024, accuracy=0.375), Test Metrics(loss=1.346073865890503, accuracy=0.5)
1: Train Metrics(loss=0.2549700438976288, accuracy=0.9375), Test Metrics(loss=0.4611296057701111, accuracy=0.875)
2: Train Metrics(loss=0.2268705815076828, accuracy=0.875), Test Metrics(loss=0.15768304467201233, accuracy=0.9375)
3: Train Metrics(loss=0.29952502250671387, accuracy=0.9375), Test Metrics(loss=0.20928356051445007, accuracy=0.9375)
4: Train Metrics(loss=0.40269964933395386, accuracy=0.8125), Test Metrics(loss=0.49521756172180176, accuracy=0.6875)
5: Train Metrics(loss=0.4262087345123291, accuracy=0.8125), Test Metrics(loss=0.5113086700439453, accuracy=0.8125)
6: Train Metrics(loss=0.3112679123878479, accuracy=0.9375), Test Metrics(loss=0.1709344983100891, accuracy=0.875)
7: Train Metrics(loss=0.37911292910575867, accuracy=0.9375), Test Metrics(loss=0.4267479181289673, accuracy=0.75)
8: Train Metrics(loss=0.6124288439750671, accuracy=0.75), Test Metrics(loss=0.2930135130882263, accuracy=0.875)
9: Train Metrics(loss=0.0674826055765152, accuracy=1.0), Test Metrics(loss=0.40709665417671204, accuracy=0.875)
10: Train Metrics(loss=0.1544051170349121, accuracy=0.9375), Test Metrics(loss=0.15372321009635925, accuracy=0.9375)
1: Train Metrics(loss=1.3928465843200684, accuracy=0.5625), Test Metrics(loss=1.5549213886260986, accuracy=0.5625)
2: Train Metrics(loss=1.500720739364624, accuracy=0.5), Test Metrics(loss=1.2765687704086304, accuracy=0.5625)
3: Train Metrics(loss=1.2181639671325684, accuracy=0.5), Test Metrics(loss=1.4540469646453857, accuracy=0.4375)
4: Train Metrics(loss=1.5429561138153076, accuracy=0.25), Test Metrics(loss=1.7310463190078735, accuracy=0.375)
[I 2023-12-19 21:06:00,686] Trial 20 finished with value: 0.3041666666666667 and parameters: {'learning_rate': 0.012907627214036972, 'batch_size': 16, 'embed_dim': 64, 'depth': 5}. Best is trial 15 with value: 0.95.
[I 2023-12-19 21:08:46,101] Trial 21 finished with value: 0.9333333333333332 and parameters: {'learning_rate': 0.0005902799565601288, 'batch_size': 8, 'embed_dim': 32, 'depth': 6}. Best is trial 15 with value: 0.95.
[I 2023-12-19 21:10:24,166] Trial 22 finished with value: 0.8083333333333333 and parameters: {'learning_rate': 0.0016359022229975471, 'batch_size': 16, 'embed_dim': 64, 'depth': 5}. Best is trial 15 with value: 0.95.
[I 2023-12-19 21:10:41,354] Trial 23 finished with value: 0.7098958333333333 and parameters: {'learning_rate': 0.00016787152247935635, 'batch_size': 256, 'embed_dim': 8, 'depth': 5}. Best is trial 15 with value: 0.95.
[I 2023-12-19 21:13:30,807] Trial 24 finished with value: 0.9166666666666666 and parameters: {'learning_rate': 0.0004631721329271587, 'batch_size': 8, 'embed_dim': 32, 'depth': 6}. Best is trial 15 with value: 0.95.
[I 2023-12-19 21:13:57,965] Trial 25 finished with value: 0.90625 and parameters: {'learning_rate': 0.0015191964565009714, 'batch_size': 128, 'embed_dim': 64, 'depth': 5}. Best is trial 15 with value: 0.95.
[I 2023-12-19 21:14:48,656] Trial 26 finished with value: 0.5583333333333333 and parameters: {'learning_rate': 0.004007936167521852, 'batch_size': 16, 'embed_dim': 64, 'depth': 2}. Best is trial 15 with value: 0.95.
5: Train Metrics(loss=1.834977388381958, accuracy=0.4375), Test Metrics(loss=1.8515313863754272, accuracy=0.3125)
6: Train Metrics(loss=1.8368232250213623, accuracy=0.375), Test Metrics(loss=1.8028050661087036, accuracy=0.5)
7: Train Metrics(loss=1.684614896774292, accuracy=0.375), Test Metrics(loss=2.2995667457580566, accuracy=0.1875)
8: Train Metrics(loss=1.7478771209716797, accuracy=0.3125), Test Metrics(loss=1.7920655012130737, accuracy=0.375)
9: Train Metrics(loss=2.0547144412994385, accuracy=0.125), Test Metrics(loss=1.9489985704421997, accuracy=0.25)
10: Train Metrics(loss=2.006692409515381, accuracy=0.4375), Test Metrics(loss=2.022465944290161, accuracy=0.3125)
1: Train Metrics(loss=0.38847482204437256, accuracy=0.875), Test Metrics(loss=0.3149757385253906, accuracy=0.875)
2: Train Metrics(loss=0.20561295747756958, accuracy=0.875), Test Metrics(loss=0.10519538074731827, accuracy=1.0)
3: Train Metrics(loss=0.27571195363998413, accuracy=0.875), Test Metrics(loss=0.1469331979751587, accuracy=0.875)
4: Train Metrics(loss=0.33522331714630127, accuracy=0.875), Test Metrics(loss=0.5127172470092773, accuracy=0.75)
5: Train Metrics(loss=0.2864188551902771, accuracy=0.875), Test Metrics(loss=0.02053571492433548, accuracy=1.0)
6: Train Metrics(loss=0.01912711374461651, accuracy=1.0), Test Metrics(loss=0.12402261048555374, accuracy=0.875)
7: Train Metrics(loss=0.13967487215995789, accuracy=1.0), Test Metrics(loss=0.5900048613548279, accuracy=0.875)
8: Train Metrics(loss=0.719637930393219, accuracy=0.875), Test Metrics(loss=0.05376646667718887, accuracy=1.0)
9: Train Metrics(loss=0.011832445859909058, accuracy=1.0), Test Metrics(loss=0.005632867105305195, accuracy=1.0)
10: Train Metrics(loss=0.11683318018913269, accuracy=1.0), Test Metrics(loss=0.10620718449354172, accuracy=0.875)
1: Train Metrics(loss=0.3332900404930115, accuracy=1.0), Test Metrics(loss=1.0843249559402466, accuracy=0.6875)
2: Train Metrics(loss=0.5345706939697266, accuracy=0.8125), Test Metrics(loss=0.2418927252292633, accuracy=0.875)
3: Train Metrics(loss=0.862833559513092, accuracy=0.6875), Test Metrics(loss=0.599531352519989, accuracy=0.8125)
4: Train Metrics(loss=0.7671154141426086, accuracy=0.625), Test Metrics(loss=0.8321553468704224, accuracy=0.6875)
5: Train Metrics(loss=1.0770280361175537, accuracy=0.5625), Test Metrics(loss=1.0063596963882446, accuracy=0.625)
6: Train Metrics(loss=0.8045399785041809, accuracy=0.6875), Test Metrics(loss=0.7510969042778015, accuracy=0.75)
7: Train Metrics(loss=0.5313591957092285, accuracy=0.8125), Test Metrics(loss=1.0455962419509888, accuracy=0.6875)
8: Train Metrics(loss=1.0365586280822754, accuracy=0.6875), Test Metrics(loss=0.7899712920188904, accuracy=0.6875)
9: Train Metrics(loss=0.8659553527832031, accuracy=0.8125), Test Metrics(loss=0.6313743591308594, accuracy=0.8125)
10: Train Metrics(loss=0.8790728449821472, accuracy=0.6875), Test Metrics(loss=0.4278888702392578, accuracy=0.9375)
1: Train Metrics(loss=1.9363694190979004, accuracy=0.34765625), Test Metrics(loss=1.9518418312072754, accuracy=0.32421875)
2: Train Metrics(loss=1.5710804462432861, accuracy=0.5), Test Metrics(loss=1.6450388431549072, accuracy=0.4296875)
3: Train Metrics(loss=1.4529434442520142, accuracy=0.5078125), Test Metrics(loss=1.337808609008789, accuracy=0.56640625)
4: Train Metrics(loss=1.1953243017196655, accuracy=0.63671875), Test Metrics(loss=1.1903138160705566, accuracy=0.65234375)
5: Train Metrics(loss=1.2113817930221558, accuracy=0.62890625), Test Metrics(loss=1.1391342878341675, accuracy=0.640625)
6: Train Metrics(loss=1.0773491859436035, accuracy=0.6875), Test Metrics(loss=1.068587303161621, accuracy=0.65234375)
7: Train Metrics(loss=1.0189235210418701, accuracy=0.66796875), Test Metrics(loss=0.8825042247772217, accuracy=0.74609375)
8: Train Metrics(loss=0.9641951322555542, accuracy=0.65625), Test Metrics(loss=0.8874542713165283, accuracy=0.71875)
9: Train Metrics(loss=0.9349797368049622, accuracy=0.72265625), Test Metrics(loss=0.9396275281906128, accuracy=0.68359375)
10: Train Metrics(loss=0.7688976526260376, accuracy=0.75), Test Metrics(loss=0.8463770151138306, accuracy=0.72265625)
1: Train Metrics(loss=0.3245617747306824, accuracy=0.875), Test Metrics(loss=0.526731014251709, accuracy=0.75)
2: Train Metrics(loss=0.06088403984904289, accuracy=1.0), Test Metrics(loss=0.17864304780960083, accuracy=0.875)
3: Train Metrics(loss=0.3312205672264099, accuracy=0.75), Test Metrics(loss=0.08242934197187424, accuracy=1.0)
4: Train Metrics(loss=0.0465567372739315, accuracy=1.0), Test Metrics(loss=0.3728829622268677, accuracy=0.875)
5: Train Metrics(loss=0.42705124616622925, accuracy=0.75), Test Metrics(loss=0.04048774763941765, accuracy=1.0)
6: Train Metrics(loss=0.05117151141166687, accuracy=1.0), Test Metrics(loss=0.5912280678749084, accuracy=0.875)
7: Train Metrics(loss=0.14176717400550842, accuracy=1.0), Test Metrics(loss=0.11585956066846848, accuracy=1.0)
8: Train Metrics(loss=0.6891559362411499, accuracy=0.875), Test Metrics(loss=0.0149845527485013, accuracy=1.0)
9: Train Metrics(loss=0.05057571828365326, accuracy=1.0), Test Metrics(loss=0.10304294526576996, accuracy=0.875)
10: Train Metrics(loss=0.011378318071365356, accuracy=1.0), Test Metrics(loss=0.26957130432128906, accuracy=0.875)
1: Train Metrics(loss=0.39103931188583374, accuracy=0.8671875), Test Metrics(loss=0.531143307685852, accuracy=0.8046875)
2: Train Metrics(loss=0.2713952660560608, accuracy=0.9140625), Test Metrics(loss=0.4753381609916687, accuracy=0.84375)
3: Train Metrics(loss=0.35552066564559937, accuracy=0.890625), Test Metrics(loss=0.452871710062027, accuracy=0.8359375)
4: Train Metrics(loss=0.2292863428592682, accuracy=0.9375), Test Metrics(loss=0.3552992343902588, accuracy=0.90625)
5: Train Metrics(loss=0.23909826576709747, accuracy=0.90625), Test Metrics(loss=0.2751997113227844, accuracy=0.90625)
6: Train Metrics(loss=0.1500801295042038, accuracy=0.9375), Test Metrics(loss=0.2864968180656433, accuracy=0.90625)
7: Train Metrics(loss=0.21906547248363495, accuracy=0.90625), Test Metrics(loss=0.30475547909736633, accuracy=0.9140625)
8: Train Metrics(loss=0.2314695119857788, accuracy=0.9375), Test Metrics(loss=0.3330598473548889, accuracy=0.875)
9: Train Metrics(loss=0.19690385460853577, accuracy=0.9296875), Test Metrics(loss=0.3664822280406952, accuracy=0.90625)
10: Train Metrics(loss=0.19429248571395874, accuracy=0.90625), Test Metrics(loss=0.2884533703327179, accuracy=0.921875)
1: Train Metrics(loss=1.2559592723846436, accuracy=0.4375), Test Metrics(loss=1.4361310005187988, accuracy=0.5625)
2: Train Metrics(loss=0.9733566641807556, accuracy=0.625), Test Metrics(loss=0.6531969904899597, accuracy=0.75)
3: Train Metrics(loss=0.9253185391426086, accuracy=0.625), Test Metrics(loss=1.1815805435180664, accuracy=0.5)
4: Train Metrics(loss=0.969362735748291, accuracy=0.75), Test Metrics(loss=1.0075162649154663, accuracy=0.5625)
5: Train Metrics(loss=0.6282690763473511, accuracy=0.8125), Test Metrics(loss=1.223253846168518, accuracy=0.5)
6: Train Metrics(loss=0.9445937275886536, accuracy=0.6875), Test Metrics(loss=0.9642031192779541, accuracy=0.75)
7: Train Metrics(loss=1.0262160301208496, accuracy=0.625), Test Metrics(loss=1.6755211353302002, accuracy=0.375)
8: Train Metrics(loss=1.452901840209961, accuracy=0.5625), Test Metrics(loss=1.258285403251648, accuracy=0.5)
9: Train Metrics(loss=1.1002302169799805, accuracy=0.5), Test Metrics(loss=1.3050874471664429, accuracy=0.5625)
10: Train Metrics(loss=1.2663073539733887, accuracy=0.5625), Test Metrics(loss=1.0199668407440186, accuracy=0.625)
1: Train Metrics(loss=0.7863147258758545, accuracy=0.75), Test Metrics(loss=0.6032785177230835, accuracy=0.8125)
2: Train Metrics(loss=0.48692429065704346, accuracy=0.8125), Test Metrics(loss=0.27068883180618286, accuracy=0.875)
3: Train Metrics(loss=0.2793883681297302, accuracy=0.9375), Test Metrics(loss=0.28501278162002563, accuracy=0.875)
4: Train Metrics(loss=0.3124941289424896, accuracy=0.875), Test Metrics(loss=0.27735283970832825, accuracy=0.875)
5: Train Metrics(loss=0.5944947004318237, accuracy=0.75), Test Metrics(loss=0.3552298843860626, accuracy=0.875)
[I 2023-12-19 21:15:52,994] Trial 27 finished with value: 0.8958333333333333 and parameters: {'learning_rate': 5.6917246249021686e-05, 'batch_size': 16, 'embed_dim': 32, 'depth': 3}. Best is trial 15 with value: 0.95.
[I 2023-12-19 21:16:58,859] Trial 28 finished with value: 0.9166666666666665 and parameters: {'learning_rate': 0.00025378767837125744, 'batch_size': 8, 'embed_dim': 64, 'depth': 1}. Best is trial 15 with value: 0.95.
[I 2023-12-19 21:17:23,740] Trial 29 finished with value: 0.8541666666666666 and parameters: {'learning_rate': 0.0010005243147134335, 'batch_size': 64, 'embed_dim': 8, 'depth': 3}. Best is trial 15 with value: 0.95.
[I 2023-12-19 21:19:43,805] Trial 30 finished with value: 0.9708333333333332 and parameters: {'learning_rate': 2.879053262981407e-05, 'batch_size': 16, 'embed_dim': 128, 'depth': 6}. Best is trial 30 with value: 0.9708333333333332.
[I 2023-12-19 21:21:59,654] Trial 31 finished with value: 0.9749999999999999 and parameters: {'learning_rate': 2.408032169652253e-05, 'batch_size': 16, 'embed_dim': 128, 'depth': 6}. Best is trial 31 with value: 0.9749999999999999.
[I 2023-12-19 21:24:16,668] Trial 32 finished with value: 0.9 and parameters: {'learning_rate': 3.292186161407109e-05, 'batch_size': 16, 'embed_dim': 128, 'depth': 6}. Best is trial 31 with value: 0.9749999999999999.
[I 2023-12-19 21:26:33,070] Trial 33 finished with value: 0.925 and parameters: {'learning_rate': 2.3812686500947928e-05, 'batch_size': 16, 'embed_dim': 128, 'depth': 6}. Best is trial 31 with value: 0.9749999999999999.
6: Train Metrics(loss=0.5839028358459473, accuracy=0.875), Test Metrics(loss=0.23136606812477112, accuracy=0.875)
7: Train Metrics(loss=0.20557057857513428, accuracy=0.9375), Test Metrics(loss=0.4004850685596466, accuracy=0.75)
8: Train Metrics(loss=0.760265588760376, accuracy=0.8125), Test Metrics(loss=0.285650372505188, accuracy=0.9375)
9: Train Metrics(loss=0.3849429786205292, accuracy=0.875), Test Metrics(loss=0.49613410234451294, accuracy=0.8125)
10: Train Metrics(loss=0.34790223836898804, accuracy=0.8125), Test Metrics(loss=0.05813107267022133, accuracy=1.0)
1: Train Metrics(loss=0.2714025676250458, accuracy=0.875), Test Metrics(loss=0.6669243574142456, accuracy=0.75)
2: Train Metrics(loss=0.12278780341148376, accuracy=1.0), Test Metrics(loss=0.18597926199436188, accuracy=1.0)
3: Train Metrics(loss=0.3413798213005066, accuracy=0.875), Test Metrics(loss=0.11456102132797241, accuracy=1.0)
4: Train Metrics(loss=0.5121729373931885, accuracy=0.875), Test Metrics(loss=0.47554779052734375, accuracy=0.75)
5: Train Metrics(loss=0.3208618760108948, accuracy=1.0), Test Metrics(loss=0.11602108180522919, accuracy=0.875)
6: Train Metrics(loss=0.047833822667598724, accuracy=1.0), Test Metrics(loss=0.24206580221652985, accuracy=0.875)
7: Train Metrics(loss=0.10250747203826904, accuracy=1.0), Test Metrics(loss=0.6179451942443848, accuracy=0.625)
8: Train Metrics(loss=0.6828691363334656, accuracy=0.875), Test Metrics(loss=0.25950145721435547, accuracy=0.875)
9: Train Metrics(loss=0.09211542457342148, accuracy=1.0), Test Metrics(loss=0.028217002749443054, accuracy=1.0)
10: Train Metrics(loss=0.07573319226503372, accuracy=1.0), Test Metrics(loss=0.04791378229856491, accuracy=1.0)
1: Train Metrics(loss=0.7430465817451477, accuracy=0.75), Test Metrics(loss=0.8922315835952759, accuracy=0.671875)
2: Train Metrics(loss=0.6077980399131775, accuracy=0.8125), Test Metrics(loss=0.6350245475769043, accuracy=0.734375)
3: Train Metrics(loss=0.4886588156223297, accuracy=0.828125), Test Metrics(loss=0.558638334274292, accuracy=0.796875)
4: Train Metrics(loss=0.7681331634521484, accuracy=0.75), Test Metrics(loss=0.6224337220191956, accuracy=0.8125)
5: Train Metrics(loss=0.5050440430641174, accuracy=0.859375), Test Metrics(loss=0.5544167757034302, accuracy=0.796875)
6: Train Metrics(loss=0.38501930236816406, accuracy=0.875), Test Metrics(loss=0.465942919254303, accuracy=0.84375)
7: Train Metrics(loss=0.524463951587677, accuracy=0.859375), Test Metrics(loss=0.7776028513908386, accuracy=0.734375)
8: Train Metrics(loss=0.37142056226730347, accuracy=0.84375), Test Metrics(loss=0.4778122305870056, accuracy=0.8125)
9: Train Metrics(loss=0.4733179211616516, accuracy=0.84375), Test Metrics(loss=0.27281880378723145, accuracy=0.921875)
10: Train Metrics(loss=0.26845788955688477, accuracy=0.90625), Test Metrics(loss=0.5083646178245544, accuracy=0.875)
1: Train Metrics(loss=0.3544807434082031, accuracy=0.875), Test Metrics(loss=0.6092159748077393, accuracy=0.8125)
2: Train Metrics(loss=0.26423096656799316, accuracy=0.9375), Test Metrics(loss=0.09201036393642426, accuracy=0.9375)
3: Train Metrics(loss=0.3939507007598877, accuracy=0.8125), Test Metrics(loss=0.18772660195827484, accuracy=1.0)
4: Train Metrics(loss=0.4581218957901001, accuracy=0.8125), Test Metrics(loss=0.6347441077232361, accuracy=0.75)
5: Train Metrics(loss=0.42309460043907166, accuracy=0.875), Test Metrics(loss=0.5829464197158813, accuracy=0.875)
6: Train Metrics(loss=0.44683676958084106, accuracy=0.9375), Test Metrics(loss=0.14227166771888733, accuracy=0.9375)
7: Train Metrics(loss=0.22667592763900757, accuracy=0.9375), Test Metrics(loss=0.5069933533668518, accuracy=0.8125)
8: Train Metrics(loss=0.9873199462890625, accuracy=0.8125), Test Metrics(loss=0.10466538369655609, accuracy=1.0)
9: Train Metrics(loss=0.20443150401115417, accuracy=0.9375), Test Metrics(loss=0.07539953291416168, accuracy=1.0)
10: Train Metrics(loss=0.3324652910232544, accuracy=0.8125), Test Metrics(loss=0.03084179386496544, accuracy=1.0)
1: Train Metrics(loss=0.35898128151893616, accuracy=0.8125), Test Metrics(loss=0.4117851257324219, accuracy=0.875)
2: Train Metrics(loss=0.23768769204616547, accuracy=0.9375), Test Metrics(loss=0.06423766911029816, accuracy=1.0)
3: Train Metrics(loss=0.21315713226795197, accuracy=0.9375), Test Metrics(loss=0.25217002630233765, accuracy=0.875)
4: Train Metrics(loss=0.5791754126548767, accuracy=0.75), Test Metrics(loss=0.4466964900493622, accuracy=0.8125)
5: Train Metrics(loss=0.23472651839256287, accuracy=0.9375), Test Metrics(loss=0.44816601276397705, accuracy=0.8125)
6: Train Metrics(loss=0.4889526665210724, accuracy=0.9375), Test Metrics(loss=0.10737339407205582, accuracy=0.9375)
7: Train Metrics(loss=0.256914883852005, accuracy=0.9375), Test Metrics(loss=0.4103207588195801, accuracy=0.9375)
8: Train Metrics(loss=0.779220700263977, accuracy=0.8125), Test Metrics(loss=0.14769819378852844, accuracy=0.9375)
9: Train Metrics(loss=0.10495062172412872, accuracy=0.9375), Test Metrics(loss=0.11018126457929611, accuracy=1.0)
10: Train Metrics(loss=0.18840068578720093, accuracy=0.9375), Test Metrics(loss=0.031944070011377335, accuracy=1.0)
1: Train Metrics(loss=0.41789406538009644, accuracy=0.6875), Test Metrics(loss=0.5043591260910034, accuracy=0.9375)
2: Train Metrics(loss=0.28352853655815125, accuracy=0.9375), Test Metrics(loss=0.03641011565923691, accuracy=1.0)
3: Train Metrics(loss=0.2567688822746277, accuracy=0.875), Test Metrics(loss=0.23583143949508667, accuracy=0.9375)
4: Train Metrics(loss=0.6487905979156494, accuracy=0.75), Test Metrics(loss=0.3947422504425049, accuracy=0.75)
5: Train Metrics(loss=0.42897528409957886, accuracy=0.75), Test Metrics(loss=0.5703253746032715, accuracy=0.8125)
6: Train Metrics(loss=0.47670096158981323, accuracy=0.9375), Test Metrics(loss=0.12481308728456497, accuracy=0.9375)
7: Train Metrics(loss=0.18990874290466309, accuracy=0.9375), Test Metrics(loss=0.5155408978462219, accuracy=0.875)
8: Train Metrics(loss=0.48043107986450195, accuracy=0.875), Test Metrics(loss=0.2853977084159851, accuracy=0.875)
9: Train Metrics(loss=0.10849522799253464, accuracy=1.0), Test Metrics(loss=0.2286158800125122, accuracy=0.875)
10: Train Metrics(loss=0.2728484272956848, accuracy=0.9375), Test Metrics(loss=0.12821103632450104, accuracy=0.9375)
1: Train Metrics(loss=0.4665767252445221, accuracy=0.8125), Test Metrics(loss=0.680236279964447, accuracy=0.8125)
2: Train Metrics(loss=0.2773361802101135, accuracy=0.9375), Test Metrics(loss=0.08625403791666031, accuracy=1.0)
3: Train Metrics(loss=0.24117499589920044, accuracy=0.9375), Test Metrics(loss=0.15350458025932312, accuracy=1.0)
4: Train Metrics(loss=0.7650997042655945, accuracy=0.6875), Test Metrics(loss=0.3391460180282593, accuracy=0.8125)
5: Train Metrics(loss=0.6045454740524292, accuracy=0.75), Test Metrics(loss=0.3845033049583435, accuracy=0.8125)
6: Train Metrics(loss=0.41244298219680786, accuracy=0.9375), Test Metrics(loss=0.21108561754226685, accuracy=0.875)
7: Train Metrics(loss=0.2624398171901703, accuracy=0.9375), Test Metrics(loss=0.4817829132080078, accuracy=0.8125)
8: Train Metrics(loss=0.7335841655731201, accuracy=0.8125), Test Metrics(loss=0.30647844076156616, accuracy=0.875)
9: Train Metrics(loss=0.27519798278808594, accuracy=0.9375), Test Metrics(loss=0.17071156203746796, accuracy=0.9375)
10: Train Metrics(loss=0.39473843574523926, accuracy=0.875), Test Metrics(loss=0.0273588914424181, accuracy=1.0)
1: Train Metrics(loss=0.5948257446289062, accuracy=0.875), Test Metrics(loss=0.9590697884559631, accuracy=0.625)
2: Train Metrics(loss=0.3884292542934418, accuracy=0.8125), Test Metrics(loss=0.15069884061813354, accuracy=0.9375)
3: Train Metrics(loss=0.32455408573150635, accuracy=0.875), Test Metrics(loss=0.25545674562454224, accuracy=0.875)
4: Train Metrics(loss=0.7563925981521606, accuracy=0.6875), Test Metrics(loss=0.41635391116142273, accuracy=0.8125)
5: Train Metrics(loss=0.7371120452880859, accuracy=0.8125), Test Metrics(loss=0.3455132246017456, accuracy=0.8125)
6: Train Metrics(loss=0.446137398481369, accuracy=0.9375), Test Metrics(loss=0.08866478502750397, accuracy=1.0)
[I 2023-12-19 21:28:50,206] Trial 34 finished with value: 0.9208333333333334 and parameters: {'learning_rate': 1.661449305028847e-05, 'batch_size': 16, 'embed_dim': 128, 'depth': 6}. Best is trial 31 with value: 0.9749999999999999.
[I 2023-12-19 21:31:05,894] Trial 35 finished with value: 0.9291666666666667 and parameters: {'learning_rate': 7.164390590637172e-05, 'batch_size': 16, 'embed_dim': 128, 'depth': 6}. Best is trial 31 with value: 0.9749999999999999.
[I 2023-12-19 21:31:42,331] Trial 36 finished with value: 0.8984375 and parameters: {'learning_rate': 0.00012807696286979553, 'batch_size': 256, 'embed_dim': 128, 'depth': 5}. Best is trial 31 with value: 0.9749999999999999.
[I 2023-12-19 21:33:59,164] Trial 37 finished with value: 0.875 and parameters: {'learning_rate': 1.2018678006954934e-05, 'batch_size': 16, 'embed_dim': 128, 'depth': 6}. Best is trial 31 with value: 0.9749999999999999.
[I 2023-12-19 21:34:33,842] Trial 38 finished with value: 0.8255208333333333 and parameters: {'learning_rate': 2.5363540613679173e-05, 'batch_size': 512, 'embed_dim': 128, 'depth': 6}. Best is trial 31 with value: 0.9749999999999999.
[I 2023-12-19 21:35:24,554] Trial 39 finished with value: 0.9072916666666667 and parameters: {'learning_rate': 0.00026666272850518996, 'batch_size': 64, 'embed_dim': 64, 'depth': 3}. Best is trial 31 with value: 0.9749999999999999.
[I 2023-12-19 21:35:40,003] Trial 40 finished with value: 0.2500648468732834 and parameters: {'learning_rate': 0.04379284143682295, 'batch_size': 1028, 'embed_dim': 128, 'depth': 2}. Best is trial 31 with value: 0.9749999999999999.
7: Train Metrics(loss=0.19939430058002472, accuracy=0.9375), Test Metrics(loss=0.5675657987594604, accuracy=0.875)
8: Train Metrics(loss=0.8280794620513916, accuracy=0.8125), Test Metrics(loss=0.420905202627182, accuracy=0.875)
9: Train Metrics(loss=0.1173434928059578, accuracy=0.9375), Test Metrics(loss=0.1364608258008957, accuracy=0.9375)
10: Train Metrics(loss=0.2753720283508301, accuracy=0.9375), Test Metrics(loss=0.2266557365655899, accuracy=0.9375)
1: Train Metrics(loss=0.3731718361377716, accuracy=0.875), Test Metrics(loss=0.39655381441116333, accuracy=0.8125)
2: Train Metrics(loss=0.24744997918605804, accuracy=0.9375), Test Metrics(loss=0.027604643255472183, accuracy=1.0)
3: Train Metrics(loss=0.4230409860610962, accuracy=0.75), Test Metrics(loss=0.2411263883113861, accuracy=0.875)
4: Train Metrics(loss=0.392250657081604, accuracy=0.8125), Test Metrics(loss=0.3778913617134094, accuracy=0.8125)
5: Train Metrics(loss=0.45582079887390137, accuracy=0.875), Test Metrics(loss=0.39414966106414795, accuracy=0.875)
6: Train Metrics(loss=0.4201827645301819, accuracy=0.9375), Test Metrics(loss=0.22354106605052948, accuracy=0.9375)
7: Train Metrics(loss=0.28995048999786377, accuracy=0.9375), Test Metrics(loss=0.4999968111515045, accuracy=0.75)
8: Train Metrics(loss=0.5574889183044434, accuracy=0.8125), Test Metrics(loss=0.11931945383548737, accuracy=0.9375)
9: Train Metrics(loss=0.04506820812821388, accuracy=1.0), Test Metrics(loss=0.05555468052625656, accuracy=1.0)
10: Train Metrics(loss=0.1710880696773529, accuracy=0.9375), Test Metrics(loss=0.14772148430347443, accuracy=0.9375)
1: Train Metrics(loss=0.5228365659713745, accuracy=0.8203125), Test Metrics(loss=0.6249713897705078, accuracy=0.77734375)
2: Train Metrics(loss=0.40411093831062317, accuracy=0.859375), Test Metrics(loss=0.6097612380981445, accuracy=0.80859375)
3: Train Metrics(loss=0.42680805921554565, accuracy=0.859375), Test Metrics(loss=0.4433092176914215, accuracy=0.859375)
4: Train Metrics(loss=0.27234792709350586, accuracy=0.90625), Test Metrics(loss=0.29213976860046387, accuracy=0.8984375)
5: Train Metrics(loss=0.3650404214859009, accuracy=0.87109375), Test Metrics(loss=0.2963070869445801, accuracy=0.89453125)
6: Train Metrics(loss=0.2930675446987152, accuracy=0.91015625), Test Metrics(loss=0.39420562982559204, accuracy=0.8828125)
7: Train Metrics(loss=0.2728091776371002, accuracy=0.921875), Test Metrics(loss=0.2624233663082123, accuracy=0.91796875)
8: Train Metrics(loss=0.24865883588790894, accuracy=0.9296875), Test Metrics(loss=0.3630326986312866, accuracy=0.8828125)
9: Train Metrics(loss=0.22403937578201294, accuracy=0.9296875), Test Metrics(loss=0.3345680832862854, accuracy=0.89453125)
10: Train Metrics(loss=0.24221709370613098, accuracy=0.9140625), Test Metrics(loss=0.28571420907974243, accuracy=0.90625)
1: Train Metrics(loss=0.6961791515350342, accuracy=0.6875), Test Metrics(loss=0.8753541707992554, accuracy=0.6875)
2: Train Metrics(loss=0.37698042392730713, accuracy=0.8125), Test Metrics(loss=0.0948863998055458, accuracy=1.0)
3: Train Metrics(loss=0.34866368770599365, accuracy=0.875), Test Metrics(loss=0.26349636912345886, accuracy=0.875)
4: Train Metrics(loss=0.5728915333747864, accuracy=0.6875), Test Metrics(loss=0.7291989326477051, accuracy=0.75)
5: Train Metrics(loss=0.625390350818634, accuracy=0.8125), Test Metrics(loss=0.4479612112045288, accuracy=0.8125)
6: Train Metrics(loss=0.37816888093948364, accuracy=0.9375), Test Metrics(loss=0.21773019433021545, accuracy=0.9375)
7: Train Metrics(loss=0.24202775955200195, accuracy=0.9375), Test Metrics(loss=0.8145333528518677, accuracy=0.8125)
8: Train Metrics(loss=0.6560314893722534, accuracy=0.8125), Test Metrics(loss=0.39017271995544434, accuracy=0.875)
9: Train Metrics(loss=0.2811990976333618, accuracy=0.875), Test Metrics(loss=0.2823333442211151, accuracy=0.8125)
10: Train Metrics(loss=0.26736587285995483, accuracy=0.875), Test Metrics(loss=0.11981325596570969, accuracy=0.9375)
1: Train Metrics(loss=1.249542236328125, accuracy=0.59765625), Test Metrics(loss=1.1955361366271973, accuracy=0.625)
2: Train Metrics(loss=0.8387033939361572, accuracy=0.71484375), Test Metrics(loss=0.8317543268203735, accuracy=0.724609375)
3: Train Metrics(loss=0.7440621852874756, accuracy=0.76953125), Test Metrics(loss=0.8315384387969971, accuracy=0.716796875)
4: Train Metrics(loss=0.6092329025268555, accuracy=0.806640625), Test Metrics(loss=0.666053056716919, accuracy=0.77734375)
5: Train Metrics(loss=0.5881422758102417, accuracy=0.818359375), Test Metrics(loss=0.5906362533569336, accuracy=0.796875)
6: Train Metrics(loss=0.5355415344238281, accuracy=0.828125), Test Metrics(loss=0.5533649921417236, accuracy=0.830078125)
7: Train Metrics(loss=0.46251752972602844, accuracy=0.83984375), Test Metrics(loss=0.5973340272903442, accuracy=0.78515625)
8: Train Metrics(loss=0.44230973720550537, accuracy=0.859375), Test Metrics(loss=0.5168014168739319, accuracy=0.826171875)
9: Train Metrics(loss=0.49242642521858215, accuracy=0.845703125), Test Metrics(loss=0.5087127685546875, accuracy=0.845703125)
10: Train Metrics(loss=0.4425164759159088, accuracy=0.865234375), Test Metrics(loss=0.5371677875518799, accuracy=0.82421875)
1: Train Metrics(loss=0.5470626950263977, accuracy=0.78125), Test Metrics(loss=0.5693132281303406, accuracy=0.78125)
2: Train Metrics(loss=0.3506186604499817, accuracy=0.859375), Test Metrics(loss=0.3652878403663635, accuracy=0.90625)
3: Train Metrics(loss=0.22367510199546814, accuracy=0.921875), Test Metrics(loss=0.4562101364135742, accuracy=0.8125)
4: Train Metrics(loss=0.3673407733440399, accuracy=0.890625), Test Metrics(loss=0.3607979416847229, accuracy=0.875)
5: Train Metrics(loss=0.31634998321533203, accuracy=0.890625), Test Metrics(loss=0.3180950880050659, accuracy=0.90625)
6: Train Metrics(loss=0.21149170398712158, accuracy=0.90625), Test Metrics(loss=0.17891937494277954, accuracy=0.921875)
7: Train Metrics(loss=0.25685256719589233, accuracy=0.90625), Test Metrics(loss=0.5524170398712158, accuracy=0.875)
8: Train Metrics(loss=0.26403144001960754, accuracy=0.921875), Test Metrics(loss=0.18427999317646027, accuracy=0.921875)
9: Train Metrics(loss=0.3399481177330017, accuracy=0.90625), Test Metrics(loss=0.3075048327445984, accuracy=0.890625)
10: Train Metrics(loss=0.09497713297605515, accuracy=0.984375), Test Metrics(loss=0.2861954867839813, accuracy=0.921875)
1: Train Metrics(loss=2.3015384674072266, accuracy=0.09435797482728958), Test Metrics(loss=2.293839454650879, accuracy=0.100194551050663)
2: Train Metrics(loss=2.2736611366271973, accuracy=0.10603112727403641), Test Metrics(loss=2.2554337978363037, accuracy=0.12159533053636551)
3: Train Metrics(loss=2.0156774520874023, accuracy=0.25486379861831665), Test Metrics(loss=2.00063157081604, accuracy=0.2587548494338989)
4: Train Metrics(loss=2.019969940185547, accuracy=0.2558365762233734), Test Metrics(loss=2.027156114578247, accuracy=0.26459142565727234)
5: Train Metrics(loss=1.983591079711914, accuracy=0.25778210163116455), Test Metrics(loss=1.9837268590927124, accuracy=0.2470817118883133)
6: Train Metrics(loss=2.316363573074341, accuracy=0.1750972718000412), Test Metrics(loss=2.2992897033691406, accuracy=0.1906614750623703)
7: Train Metrics(loss=2.0034749507904053, accuracy=0.2441634237766266), Test Metrics(loss=1.9839671850204468, accuracy=0.26361867785453796)
8: Train Metrics(loss=2.104970932006836, accuracy=0.21303501725196838), Test Metrics(loss=2.041455030441284, accuracy=0.2441634237766266)
9: Train Metrics(loss=2.053298234939575, accuracy=0.26459142565727234), Test Metrics(loss=2.0525174140930176, accuracy=0.2529182732105255)
10: Train Metrics(loss=2.0417957305908203, accuracy=0.2850194573402405), Test Metrics(loss=2.04653263092041, accuracy=0.25778210163116455)
1: Train Metrics(loss=0.34230464696884155, accuracy=0.9375), Test Metrics(loss=0.7397506237030029, accuracy=0.875)
2: Train Metrics(loss=0.32398808002471924, accuracy=0.9375), Test Metrics(loss=0.10367847979068756, accuracy=0.9375)
3: Train Metrics(loss=0.21474850177764893, accuracy=0.9375), Test Metrics(loss=0.2167358696460724, accuracy=0.875)
[I 2023-12-19 21:37:20,332] Trial 41 finished with value: 0.9458333333333333 and parameters: {'learning_rate': 0.00017986490093289034, 'batch_size': 16, 'embed_dim': 16, 'depth': 6}. Best is trial 31 with value: 0.9749999999999999.
[I 2023-12-19 21:38:59,044] Trial 42 finished with value: 0.9458333333333333 and parameters: {'learning_rate': 0.00017894528873763804, 'batch_size': 16, 'embed_dim': 16, 'depth': 6}. Best is trial 31 with value: 0.9749999999999999.
[I 2023-12-19 21:40:38,119] Trial 43 finished with value: 0.8916666666666666 and parameters: {'learning_rate': 5.651952306728337e-05, 'batch_size': 16, 'embed_dim': 16, 'depth': 6}. Best is trial 31 with value: 0.9749999999999999.
[I 2023-12-19 21:42:18,157] Trial 44 finished with value: 0.7791666666666666 and parameters: {'learning_rate': 1.0181624196899959e-05, 'batch_size': 16, 'embed_dim': 16, 'depth': 6}. Best is trial 31 with value: 0.9749999999999999.
[I 2023-12-19 21:42:25,200] Trial 45 finished with value: 0.6518229166666667 and parameters: {'learning_rate': 9.13212733191968e-05, 'batch_size': 512, 'embed_dim': 16, 'depth': 1}. Best is trial 31 with value: 0.9749999999999999.
[I 2023-12-19 21:43:19,913] Trial 46 finished with value: 0.7291666666666666 and parameters: {'learning_rate': 0.0007255943053477561, 'batch_size': 128, 'embed_dim': 256, 'depth': 5}. Best is trial 31 with value: 0.9749999999999999.
[I 2023-12-19 21:44:33,291] Trial 47 finished with value: 0.7708333333333333 and parameters: {'learning_rate': 2.042098960402426e-05, 'batch_size': 16, 'embed_dim': 16, 'depth': 4}. Best is trial 31 with value: 0.9749999999999999.
4: Train Metrics(loss=0.29917481541633606, accuracy=0.9375), Test Metrics(loss=0.34598633646965027, accuracy=0.875)
5: Train Metrics(loss=0.29025012254714966, accuracy=0.875), Test Metrics(loss=0.4162614345550537, accuracy=0.875)
6: Train Metrics(loss=0.45874181389808655, accuracy=0.9375), Test Metrics(loss=0.35094815492630005, accuracy=0.875)
7: Train Metrics(loss=0.2620700001716614, accuracy=0.9375), Test Metrics(loss=0.5420780181884766, accuracy=0.8125)
8: Train Metrics(loss=0.6986932158470154, accuracy=0.8125), Test Metrics(loss=0.12032706290483475, accuracy=1.0)
9: Train Metrics(loss=0.27264028787612915, accuracy=0.8125), Test Metrics(loss=0.13306930661201477, accuracy=1.0)
10: Train Metrics(loss=0.3648783266544342, accuracy=0.8125), Test Metrics(loss=0.1351035088300705, accuracy=0.9375)
1: Train Metrics(loss=0.34450674057006836, accuracy=0.9375), Test Metrics(loss=0.7439047694206238, accuracy=0.875)
2: Train Metrics(loss=0.3260006606578827, accuracy=0.9375), Test Metrics(loss=0.10039634257555008, accuracy=0.9375)
3: Train Metrics(loss=0.21533852815628052, accuracy=0.9375), Test Metrics(loss=0.2127268761396408, accuracy=0.875)
4: Train Metrics(loss=0.30324724316596985, accuracy=0.9375), Test Metrics(loss=0.3520885109901428, accuracy=0.875)
5: Train Metrics(loss=0.2882680892944336, accuracy=0.875), Test Metrics(loss=0.4201715588569641, accuracy=0.875)
6: Train Metrics(loss=0.4846440255641937, accuracy=0.9375), Test Metrics(loss=0.3512114882469177, accuracy=0.875)
7: Train Metrics(loss=0.26263728737831116, accuracy=0.9375), Test Metrics(loss=0.5700747966766357, accuracy=0.8125)
8: Train Metrics(loss=0.7040009498596191, accuracy=0.8125), Test Metrics(loss=0.12383098155260086, accuracy=1.0)
9: Train Metrics(loss=0.2845463752746582, accuracy=0.8125), Test Metrics(loss=0.13686010241508484, accuracy=1.0)
10: Train Metrics(loss=0.3970593214035034, accuracy=0.8125), Test Metrics(loss=0.14456269145011902, accuracy=0.9375)
1: Train Metrics(loss=0.6089311838150024, accuracy=0.875), Test Metrics(loss=1.2696833610534668, accuracy=0.5625)
2: Train Metrics(loss=0.4456002116203308, accuracy=0.875), Test Metrics(loss=0.2328001856803894, accuracy=0.9375)
3: Train Metrics(loss=0.4778860807418823, accuracy=0.75), Test Metrics(loss=0.391959547996521, accuracy=0.875)
4: Train Metrics(loss=0.5602542161941528, accuracy=0.8125), Test Metrics(loss=0.35607972741127014, accuracy=0.8125)
5: Train Metrics(loss=0.5651735663414001, accuracy=0.875), Test Metrics(loss=0.6708000302314758, accuracy=0.75)
6: Train Metrics(loss=0.44005686044692993, accuracy=0.9375), Test Metrics(loss=0.340893030166626, accuracy=0.875)
7: Train Metrics(loss=0.4785270094871521, accuracy=0.875), Test Metrics(loss=0.5336931943893433, accuracy=0.9375)
8: Train Metrics(loss=0.6592410802841187, accuracy=0.8125), Test Metrics(loss=0.3254747986793518, accuracy=0.8125)
9: Train Metrics(loss=0.4919559955596924, accuracy=0.75), Test Metrics(loss=0.4662909209728241, accuracy=0.875)
10: Train Metrics(loss=0.4477808475494385, accuracy=0.8125), Test Metrics(loss=0.12748028337955475, accuracy=0.9375)
1: Train Metrics(loss=1.3947758674621582, accuracy=0.5625), Test Metrics(loss=1.6202096939086914, accuracy=0.375)
2: Train Metrics(loss=1.202962875366211, accuracy=0.6875), Test Metrics(loss=0.7545973062515259, accuracy=0.875)
3: Train Metrics(loss=1.0702223777770996, accuracy=0.6875), Test Metrics(loss=1.106551170349121, accuracy=0.625)
4: Train Metrics(loss=1.0100443363189697, accuracy=0.6875), Test Metrics(loss=1.011970043182373, accuracy=0.625)
5: Train Metrics(loss=0.9190545082092285, accuracy=0.6875), Test Metrics(loss=1.3032312393188477, accuracy=0.5)
6: Train Metrics(loss=1.0714731216430664, accuracy=0.6875), Test Metrics(loss=0.8449038863182068, accuracy=0.8125)
7: Train Metrics(loss=0.6363763213157654, accuracy=0.8125), Test Metrics(loss=0.9409830570220947, accuracy=0.75)
8: Train Metrics(loss=1.0962011814117432, accuracy=0.75), Test Metrics(loss=0.8984705209732056, accuracy=0.6875)
9: Train Metrics(loss=0.8233861923217773, accuracy=0.625), Test Metrics(loss=0.8268107175827026, accuracy=0.8125)
10: Train Metrics(loss=0.6544740200042725, accuracy=0.8125), Test Metrics(loss=0.3648231327533722, accuracy=0.8125)
1: Train Metrics(loss=2.271080493927002, accuracy=0.1015625), Test Metrics(loss=2.2731242179870605, accuracy=0.11328125)
2: Train Metrics(loss=1.9717457294464111, accuracy=0.341796875), Test Metrics(loss=1.9921300411224365, accuracy=0.330078125)
3: Train Metrics(loss=1.555835247039795, accuracy=0.470703125), Test Metrics(loss=1.6901309490203857, accuracy=0.447265625)
4: Train Metrics(loss=1.3892631530761719, accuracy=0.55859375), Test Metrics(loss=1.509533166885376, accuracy=0.49609375)
5: Train Metrics(loss=1.3249170780181885, accuracy=0.5703125), Test Metrics(loss=1.2604619264602661, accuracy=0.591796875)
6: Train Metrics(loss=1.2417503595352173, accuracy=0.638671875), Test Metrics(loss=1.1932265758514404, accuracy=0.63671875)
7: Train Metrics(loss=1.1836254596710205, accuracy=0.609375), Test Metrics(loss=1.1754415035247803, accuracy=0.642578125)
8: Train Metrics(loss=1.167204737663269, accuracy=0.62109375), Test Metrics(loss=1.1239793300628662, accuracy=0.6484375)
9: Train Metrics(loss=1.1394469738006592, accuracy=0.650390625), Test Metrics(loss=1.0721535682678223, accuracy=0.662109375)
10: Train Metrics(loss=1.0671402215957642, accuracy=0.677734375), Test Metrics(loss=1.0508493185043335, accuracy=0.65234375)
1: Train Metrics(loss=0.48760557174682617, accuracy=0.828125), Test Metrics(loss=0.5750355124473572, accuracy=0.796875)
2: Train Metrics(loss=0.5819286108016968, accuracy=0.7890625), Test Metrics(loss=0.6389553546905518, accuracy=0.8046875)
3: Train Metrics(loss=0.6844408512115479, accuracy=0.78125), Test Metrics(loss=0.6668684482574463, accuracy=0.796875)
4: Train Metrics(loss=0.5281665921211243, accuracy=0.8046875), Test Metrics(loss=0.5941737294197083, accuracy=0.8125)
5: Train Metrics(loss=0.6122778654098511, accuracy=0.796875), Test Metrics(loss=0.6602286696434021, accuracy=0.7890625)
6: Train Metrics(loss=0.587027370929718, accuracy=0.796875), Test Metrics(loss=0.6307359933853149, accuracy=0.796875)
7: Train Metrics(loss=0.6743022203445435, accuracy=0.7734375), Test Metrics(loss=0.7202929258346558, accuracy=0.734375)
8: Train Metrics(loss=0.9459657669067383, accuracy=0.6328125), Test Metrics(loss=0.8672193288803101, accuracy=0.7109375)
9: Train Metrics(loss=0.8763611912727356, accuracy=0.65625), Test Metrics(loss=0.7391068339347839, accuracy=0.765625)
10: Train Metrics(loss=0.7581585645675659, accuracy=0.71875), Test Metrics(loss=0.9010146856307983, accuracy=0.6953125)
1: Train Metrics(loss=1.262483835220337, accuracy=0.625), Test Metrics(loss=1.5685080289840698, accuracy=0.5625)
2: Train Metrics(loss=0.9677910804748535, accuracy=0.6875), Test Metrics(loss=0.6820578575134277, accuracy=0.8125)
3: Train Metrics(loss=0.7829312086105347, accuracy=0.8125), Test Metrics(loss=0.7186324596405029, accuracy=0.8125)
4: Train Metrics(loss=0.8866745829582214, accuracy=0.75), Test Metrics(loss=0.695664644241333, accuracy=0.8125)
5: Train Metrics(loss=0.7238180637359619, accuracy=0.75), Test Metrics(loss=1.0255229473114014, accuracy=0.5)
6: Train Metrics(loss=0.5628944635391235, accuracy=0.9375), Test Metrics(loss=0.7302711009979248, accuracy=0.75)
7: Train Metrics(loss=0.3999992907047272, accuracy=0.875), Test Metrics(loss=0.7931003570556641, accuracy=0.8125)
8: Train Metrics(loss=0.9275482892990112, accuracy=0.8125), Test Metrics(loss=0.8310750722885132, accuracy=0.6875)
9: Train Metrics(loss=0.8823572397232056, accuracy=0.6875), Test Metrics(loss=0.6667963862419128, accuracy=0.6875)
10: Train Metrics(loss=0.7798994779586792, accuracy=0.75), Test Metrics(loss=0.247511088848114, accuracy=0.875)
1: Train Metrics(loss=0.39006802439689636, accuracy=0.875), Test Metrics(loss=0.48553353548049927, accuracy=0.78125)
2: Train Metrics(loss=0.13585112988948822, accuracy=1.0), Test Metrics(loss=0.24069064855575562, accuracy=0.90625)
3: Train Metrics(loss=0.25881069898605347, accuracy=0.90625), Test Metrics(loss=0.3570559620857239, accuracy=0.84375)
[I 2023-12-19 21:46:35,266] Trial 48 finished with value: 0.8979166666666667 and parameters: {'learning_rate': 0.00016777388343656047, 'batch_size': 32, 'embed_dim': 128, 'depth': 6}. Best is trial 31 with value: 0.9749999999999999.
[I 2023-12-19 21:48:13,657] Trial 49 finished with value: 0.9416666666666667 and parameters: {'learning_rate': 0.00034409063319224486, 'batch_size': 16, 'embed_dim': 64, 'depth': 5}. Best is trial 31 with value: 0.9749999999999999.
[I 2023-12-19 21:49:50,336] Trial 50 finished with value: 0.7375 and parameters: {'learning_rate': 3.57764083720405e-05, 'batch_size': 16, 'embed_dim': 8, 'depth': 6}. Best is trial 31 with value: 0.9749999999999999.
[I 2023-12-19 21:51:29,500] Trial 51 finished with value: 0.95 and parameters: {'learning_rate': 0.00022664647262322105, 'batch_size': 16, 'embed_dim': 16, 'depth': 6}. Best is trial 31 with value: 0.9749999999999999.
[I 2023-12-19 21:51:45,364] Trial 52 finished with value: 0.8516861160596212 and parameters: {'learning_rate': 0.000524500340907333, 'batch_size': 1028, 'embed_dim': 16, 'depth': 6}. Best is trial 31 with value: 0.9749999999999999.
[I 2023-12-19 21:53:25,159] Trial 53 finished with value: 0.9 and parameters: {'learning_rate': 0.0023755641708784253, 'batch_size': 16, 'embed_dim': 16, 'depth': 6}. Best is trial 31 with value: 0.9749999999999999.
[I 2023-12-19 21:55:03,736] Trial 54 finished with value: 0.9416666666666667 and parameters: {'learning_rate': 0.00023702271187416826, 'batch_size': 16, 'embed_dim': 16, 'depth': 6}. Best is trial 31 with value: 0.9749999999999999.
4: Train Metrics(loss=0.3783789277076721, accuracy=0.875), Test Metrics(loss=0.37276411056518555, accuracy=0.84375)
5: Train Metrics(loss=0.4489712417125702, accuracy=0.84375), Test Metrics(loss=0.21944072842597961, accuracy=0.96875)
6: Train Metrics(loss=0.1699790060520172, accuracy=0.96875), Test Metrics(loss=0.22043895721435547, accuracy=0.9375)
7: Train Metrics(loss=0.13348636031150818, accuracy=0.96875), Test Metrics(loss=0.2458987832069397, accuracy=0.9375)
8: Train Metrics(loss=0.275748610496521, accuracy=0.90625), Test Metrics(loss=0.3862626552581787, accuracy=0.9375)
9: Train Metrics(loss=0.33281567692756653, accuracy=0.875), Test Metrics(loss=0.2970404028892517, accuracy=0.90625)
10: Train Metrics(loss=0.19822512567043304, accuracy=0.9375), Test Metrics(loss=0.3938571810722351, accuracy=0.84375)
1: Train Metrics(loss=0.540181040763855, accuracy=0.875), Test Metrics(loss=0.8533499240875244, accuracy=0.75)
2: Train Metrics(loss=0.26607394218444824, accuracy=0.875), Test Metrics(loss=0.06581061333417892, accuracy=1.0)
3: Train Metrics(loss=0.23066091537475586, accuracy=0.875), Test Metrics(loss=0.12220250070095062, accuracy=1.0)
4: Train Metrics(loss=0.49873781204223633, accuracy=0.75), Test Metrics(loss=0.22014503180980682, accuracy=1.0)
5: Train Metrics(loss=0.5350630879402161, accuracy=0.875), Test Metrics(loss=0.27018287777900696, accuracy=0.875)
6: Train Metrics(loss=0.29422491788864136, accuracy=0.9375), Test Metrics(loss=0.13986113667488098, accuracy=0.9375)
7: Train Metrics(loss=0.24720831215381622, accuracy=0.9375), Test Metrics(loss=0.4326419234275818, accuracy=0.875)
8: Train Metrics(loss=0.5204475522041321, accuracy=0.9375), Test Metrics(loss=0.08960951864719391, accuracy=1.0)
9: Train Metrics(loss=0.2732824385166168, accuracy=0.875), Test Metrics(loss=0.06776343286037445, accuracy=0.9375)
10: Train Metrics(loss=0.14161022007465363, accuracy=1.0), Test Metrics(loss=0.09893248230218887, accuracy=0.9375)
1: Train Metrics(loss=1.7727041244506836, accuracy=0.25), Test Metrics(loss=1.7485849857330322, accuracy=0.375)
2: Train Metrics(loss=1.8264039754867554, accuracy=0.3125), Test Metrics(loss=0.828643262386322, accuracy=0.9375)
3: Train Metrics(loss=1.3216149806976318, accuracy=0.6875), Test Metrics(loss=1.1769897937774658, accuracy=0.5)
4: Train Metrics(loss=1.606756567955017, accuracy=0.5625), Test Metrics(loss=1.2013269662857056, accuracy=0.5625)
5: Train Metrics(loss=0.7712308764457703, accuracy=0.75), Test Metrics(loss=1.1862223148345947, accuracy=0.5)
6: Train Metrics(loss=1.3502626419067383, accuracy=0.5625), Test Metrics(loss=0.978614330291748, accuracy=0.625)
7: Train Metrics(loss=0.677432656288147, accuracy=0.8125), Test Metrics(loss=1.3065932989120483, accuracy=0.5625)
8: Train Metrics(loss=1.0291500091552734, accuracy=0.8125), Test Metrics(loss=0.9539507627487183, accuracy=0.625)
9: Train Metrics(loss=0.8273259401321411, accuracy=0.625), Test Metrics(loss=0.9363869428634644, accuracy=0.6875)
10: Train Metrics(loss=0.8919362425804138, accuracy=0.625), Test Metrics(loss=0.4399380087852478, accuracy=0.9375)
1: Train Metrics(loss=0.3663797974586487, accuracy=0.9375), Test Metrics(loss=0.7716565132141113, accuracy=0.8125)
2: Train Metrics(loss=0.21783816814422607, accuracy=0.9375), Test Metrics(loss=0.09758996963500977, accuracy=0.9375)
3: Train Metrics(loss=0.23470905423164368, accuracy=0.875), Test Metrics(loss=0.21272800862789154, accuracy=0.9375)
4: Train Metrics(loss=0.19833333790302277, accuracy=1.0), Test Metrics(loss=0.47187936305999756, accuracy=0.875)
5: Train Metrics(loss=0.39726972579956055, accuracy=0.875), Test Metrics(loss=0.6155518293380737, accuracy=0.75)
6: Train Metrics(loss=0.5311385989189148, accuracy=0.875), Test Metrics(loss=0.2898211181163788, accuracy=0.875)
7: Train Metrics(loss=0.3831207752227783, accuracy=0.875), Test Metrics(loss=0.4040994346141815, accuracy=0.875)
8: Train Metrics(loss=0.4671138823032379, accuracy=0.875), Test Metrics(loss=0.24579572677612305, accuracy=0.875)
9: Train Metrics(loss=0.162281334400177, accuracy=1.0), Test Metrics(loss=0.1078605055809021, accuracy=1.0)
10: Train Metrics(loss=0.32493603229522705, accuracy=0.8125), Test Metrics(loss=0.07479829341173172, accuracy=1.0)
1: Train Metrics(loss=1.3915648460388184, accuracy=0.5865758657455444), Test Metrics(loss=1.3845397233963013, accuracy=0.5642023086547852)
2: Train Metrics(loss=1.0174261331558228, accuracy=0.6994163393974304), Test Metrics(loss=0.9677557945251465, accuracy=0.7247081995010376)
3: Train Metrics(loss=0.8120312094688416, accuracy=0.7733463048934937), Test Metrics(loss=0.7803082466125488, accuracy=0.7616731524467468)
4: Train Metrics(loss=0.6817168593406677, accuracy=0.7889105081558228), Test Metrics(loss=0.6835189461708069, accuracy=0.8054474592208862)
5: Train Metrics(loss=0.5899900197982788, accuracy=0.8317120671272278), Test Metrics(loss=0.5822628736495972, accuracy=0.8346303701400757)
6: Train Metrics(loss=0.6022124886512756, accuracy=0.8044747114181519), Test Metrics(loss=0.5820990800857544, accuracy=0.8346303701400757)
7: Train Metrics(loss=0.6090037822723389, accuracy=0.8054474592208862), Test Metrics(loss=0.576905369758606, accuracy=0.8326848149299622)
8: Train Metrics(loss=0.4918135702610016, accuracy=0.8365758657455444), Test Metrics(loss=0.501817524433136, accuracy=0.8560311198234558)
9: Train Metrics(loss=0.5157226920127869, accuracy=0.8531128168106079), Test Metrics(loss=0.4666071832180023, accuracy=0.8531128168106079)
10: Train Metrics(loss=0.4823063910007477, accuracy=0.8463035225868225), Test Metrics(loss=0.4720892906188965, accuracy=0.8589494228363037)
1: Train Metrics(loss=0.29482710361480713, accuracy=0.875), Test Metrics(loss=0.38480451703071594, accuracy=0.875)
2: Train Metrics(loss=0.2787504196166992, accuracy=0.875), Test Metrics(loss=0.08019483089447021, accuracy=1.0)
3: Train Metrics(loss=0.2748349905014038, accuracy=0.9375), Test Metrics(loss=0.22501781582832336, accuracy=0.9375)
4: Train Metrics(loss=0.34521323442459106, accuracy=0.875), Test Metrics(loss=0.21762576699256897, accuracy=0.9375)
5: Train Metrics(loss=0.2625706195831299, accuracy=0.875), Test Metrics(loss=0.31370672583580017, accuracy=0.875)
6: Train Metrics(loss=0.39971497654914856, accuracy=0.9375), Test Metrics(loss=0.34053540229797363, accuracy=0.875)
7: Train Metrics(loss=0.16434529423713684, accuracy=0.9375), Test Metrics(loss=0.25670191645622253, accuracy=0.8125)
8: Train Metrics(loss=0.6767852306365967, accuracy=0.8125), Test Metrics(loss=0.11264209449291229, accuracy=0.9375)
9: Train Metrics(loss=0.12250319123268127, accuracy=0.9375), Test Metrics(loss=0.2910778820514679, accuracy=0.875)
10: Train Metrics(loss=0.2132578045129776, accuracy=0.875), Test Metrics(loss=0.10624469816684723, accuracy=0.9375)
1: Train Metrics(loss=0.4092113673686981, accuracy=0.8125), Test Metrics(loss=0.7586394548416138, accuracy=0.8125)
2: Train Metrics(loss=0.2658466696739197, accuracy=0.9375), Test Metrics(loss=0.052850257605314255, accuracy=1.0)
3: Train Metrics(loss=0.29395806789398193, accuracy=0.8125), Test Metrics(loss=0.199757918715477, accuracy=1.0)
4: Train Metrics(loss=0.217060849070549, accuracy=0.9375), Test Metrics(loss=0.49734991788864136, accuracy=0.875)
5: Train Metrics(loss=0.4718725383281708, accuracy=0.875), Test Metrics(loss=0.5605298280715942, accuracy=0.75)
6: Train Metrics(loss=0.529902458190918, accuracy=0.9375), Test Metrics(loss=0.31654027104377747, accuracy=0.9375)
7: Train Metrics(loss=0.31876444816589355, accuracy=0.9375), Test Metrics(loss=0.31965336203575134, accuracy=0.9375)
8: Train Metrics(loss=0.4038316011428833, accuracy=0.8125), Test Metrics(loss=0.24434956908226013, accuracy=0.875)
9: Train Metrics(loss=0.21759143471717834, accuracy=0.9375), Test Metrics(loss=0.10533499717712402, accuracy=1.0)
10: Train Metrics(loss=0.23411747813224792, accuracy=0.9375), Test Metrics(loss=0.07107459008693695, accuracy=0.9375)
1: Train Metrics(loss=0.5232492685317993, accuracy=0.8046875), Test Metrics(loss=0.5661628246307373, accuracy=0.82421875)
2: Train Metrics(loss=0.4544418752193451, accuracy=0.8125), Test Metrics(loss=0.5140255689620972, accuracy=0.81640625)
[I 2023-12-19 21:55:42,697] Trial 55 finished with value: 0.87421875 and parameters: {'learning_rate': 0.00012206707893828335, 'batch_size': 256, 'embed_dim': 256, 'depth': 4}. Best is trial 31 with value: 0.9749999999999999.
[I 2023-12-19 21:57:22,092] Trial 56 finished with value: 0.9458333333333333 and parameters: {'learning_rate': 0.0004094261278601074, 'batch_size': 16, 'embed_dim': 64, 'depth': 5}. Best is trial 31 with value: 0.9749999999999999.
[I 2023-12-19 21:57:46,442] Trial 57 finished with value: 0.8541666666666666 and parameters: {'learning_rate': 0.0007592625273977187, 'batch_size': 64, 'embed_dim': 16, 'depth': 2}. Best is trial 31 with value: 0.9749999999999999.
[I 2023-12-19 21:58:24,183] Trial 58 finished with value: 0.9041666666666666 and parameters: {'learning_rate': 5.370136333445172e-05, 'batch_size': 16, 'embed_dim': 64, 'depth': 1}. Best is trial 31 with value: 0.9749999999999999.
[I 2023-12-19 22:00:04,570] Trial 59 finished with value: 0.70625 and parameters: {'learning_rate': 0.0013402113346247357, 'batch_size': 32, 'embed_dim': 128, 'depth': 5}. Best is trial 31 with value: 0.9749999999999999.
[I 2023-12-19 22:00:32,701] Trial 60 finished with value: 0.8729166666666666 and parameters: {'learning_rate': 7.914700497665953e-05, 'batch_size': 128, 'embed_dim': 64, 'depth': 6}. Best is trial 31 with value: 0.9749999999999999.
[I 2023-12-19 22:02:12,295] Trial 61 finished with value: 0.95 and parameters: {'learning_rate': 0.0002235095951296043, 'batch_size': 16, 'embed_dim': 16, 'depth': 6}. Best is trial 31 with value: 0.9749999999999999.
3: Train Metrics(loss=0.45458728075027466, accuracy=0.8515625), Test Metrics(loss=0.49364566802978516, accuracy=0.828125)
4: Train Metrics(loss=0.3082854747772217, accuracy=0.90234375), Test Metrics(loss=0.3779200315475464, accuracy=0.87109375)
5: Train Metrics(loss=0.4910471737384796, accuracy=0.84765625), Test Metrics(loss=0.34545236825942993, accuracy=0.8828125)
6: Train Metrics(loss=0.31916558742523193, accuracy=0.8984375), Test Metrics(loss=0.4275851249694824, accuracy=0.87109375)
7: Train Metrics(loss=0.328920841217041, accuracy=0.90234375), Test Metrics(loss=0.30969804525375366, accuracy=0.8984375)
8: Train Metrics(loss=0.39193645119667053, accuracy=0.875), Test Metrics(loss=0.38885998725891113, accuracy=0.85546875)
9: Train Metrics(loss=0.2905859649181366, accuracy=0.89453125), Test Metrics(loss=0.38884246349334717, accuracy=0.87109375)
10: Train Metrics(loss=0.3090199828147888, accuracy=0.89453125), Test Metrics(loss=0.3432720899581909, accuracy=0.87890625)
1: Train Metrics(loss=0.46879705786705017, accuracy=0.875), Test Metrics(loss=0.6542909145355225, accuracy=0.8125)
2: Train Metrics(loss=0.2614242136478424, accuracy=0.875), Test Metrics(loss=0.14569516479969025, accuracy=0.9375)
3: Train Metrics(loss=0.24262188374996185, accuracy=0.875), Test Metrics(loss=0.08125662803649902, accuracy=1.0)
4: Train Metrics(loss=0.19531890749931335, accuracy=0.9375), Test Metrics(loss=0.21610648930072784, accuracy=0.9375)
5: Train Metrics(loss=0.3715360462665558, accuracy=0.875), Test Metrics(loss=0.4548504054546356, accuracy=0.8125)
6: Train Metrics(loss=0.15495458245277405, accuracy=0.875), Test Metrics(loss=0.1993284970521927, accuracy=0.875)
7: Train Metrics(loss=0.09656448662281036, accuracy=1.0), Test Metrics(loss=0.3132510185241699, accuracy=0.9375)
8: Train Metrics(loss=0.3148057460784912, accuracy=0.875), Test Metrics(loss=0.11096736788749695, accuracy=1.0)
9: Train Metrics(loss=0.21559110283851624, accuracy=0.9375), Test Metrics(loss=0.13634371757507324, accuracy=0.9375)
10: Train Metrics(loss=0.1798802763223648, accuracy=0.875), Test Metrics(loss=0.22848281264305115, accuracy=0.9375)
1: Train Metrics(loss=0.6078023910522461, accuracy=0.78125), Test Metrics(loss=0.9228180646896362, accuracy=0.71875)
2: Train Metrics(loss=0.444133460521698, accuracy=0.828125), Test Metrics(loss=0.45694291591644287, accuracy=0.828125)
3: Train Metrics(loss=0.22836393117904663, accuracy=0.953125), Test Metrics(loss=0.4348388612270355, accuracy=0.875)
4: Train Metrics(loss=0.5440137386322021, accuracy=0.8125), Test Metrics(loss=0.3981527090072632, accuracy=0.890625)
5: Train Metrics(loss=0.5002298355102539, accuracy=0.84375), Test Metrics(loss=0.4085254669189453, accuracy=0.796875)
6: Train Metrics(loss=0.3039694130420685, accuracy=0.90625), Test Metrics(loss=0.31395217776298523, accuracy=0.890625)
7: Train Metrics(loss=0.441764771938324, accuracy=0.890625), Test Metrics(loss=0.641236424446106, accuracy=0.84375)
8: Train Metrics(loss=0.24569962918758392, accuracy=0.90625), Test Metrics(loss=0.2007005214691162, accuracy=0.9375)
9: Train Metrics(loss=0.5192503333091736, accuracy=0.859375), Test Metrics(loss=0.35474514961242676, accuracy=0.859375)
10: Train Metrics(loss=0.19759820401668549, accuracy=0.9375), Test Metrics(loss=0.5775864124298096, accuracy=0.796875)
1: Train Metrics(loss=0.6139705181121826, accuracy=0.6875), Test Metrics(loss=0.6835624575614929, accuracy=0.8125)
2: Train Metrics(loss=0.345225989818573, accuracy=0.9375), Test Metrics(loss=0.1592760980129242, accuracy=0.9375)
3: Train Metrics(loss=0.22346939146518707, accuracy=0.875), Test Metrics(loss=0.28506892919540405, accuracy=0.875)
4: Train Metrics(loss=0.7522784471511841, accuracy=0.6875), Test Metrics(loss=0.3971228003501892, accuracy=0.8125)
5: Train Metrics(loss=0.621550440788269, accuracy=0.8125), Test Metrics(loss=0.3426637649536133, accuracy=0.875)
6: Train Metrics(loss=0.6041617393493652, accuracy=0.875), Test Metrics(loss=0.22185906767845154, accuracy=0.9375)
7: Train Metrics(loss=0.15211398899555206, accuracy=1.0), Test Metrics(loss=0.47416818141937256, accuracy=0.75)
8: Train Metrics(loss=0.7293328046798706, accuracy=0.8125), Test Metrics(loss=0.3152894377708435, accuracy=0.875)
9: Train Metrics(loss=0.5617022514343262, accuracy=0.8125), Test Metrics(loss=0.3222481608390808, accuracy=0.875)
10: Train Metrics(loss=0.54660964012146, accuracy=0.8125), Test Metrics(loss=0.07172179967164993, accuracy=1.0)
1: Train Metrics(loss=1.3116343021392822, accuracy=0.53125), Test Metrics(loss=1.161733865737915, accuracy=0.5)
2: Train Metrics(loss=0.669731080532074, accuracy=0.8125), Test Metrics(loss=0.7593883275985718, accuracy=0.75)
3: Train Metrics(loss=0.7978248000144958, accuracy=0.78125), Test Metrics(loss=0.8928130269050598, accuracy=0.6875)
4: Train Metrics(loss=0.8523703813552856, accuracy=0.625), Test Metrics(loss=0.7360013723373413, accuracy=0.8125)
5: Train Metrics(loss=0.9838995933532715, accuracy=0.625), Test Metrics(loss=0.8858008980751038, accuracy=0.6875)
6: Train Metrics(loss=0.9905257821083069, accuracy=0.6875), Test Metrics(loss=0.7089121341705322, accuracy=0.6875)
7: Train Metrics(loss=0.789983332157135, accuracy=0.6875), Test Metrics(loss=1.0045366287231445, accuracy=0.6875)
8: Train Metrics(loss=0.8883185982704163, accuracy=0.71875), Test Metrics(loss=0.8984513282775879, accuracy=0.75)
9: Train Metrics(loss=1.0273218154907227, accuracy=0.6875), Test Metrics(loss=0.7830000519752502, accuracy=0.75)
10: Train Metrics(loss=0.6829891204833984, accuracy=0.8125), Test Metrics(loss=0.9267982840538025, accuracy=0.65625)
1: Train Metrics(loss=0.45955613255500793, accuracy=0.875), Test Metrics(loss=0.5891205072402954, accuracy=0.7734375)
2: Train Metrics(loss=0.37931036949157715, accuracy=0.8671875), Test Metrics(loss=0.5036177039146423, accuracy=0.8671875)
3: Train Metrics(loss=0.43932196497917175, accuracy=0.8828125), Test Metrics(loss=0.510941207408905, accuracy=0.78125)
4: Train Metrics(loss=0.2288030982017517, accuracy=0.9296875), Test Metrics(loss=0.33099883794784546, accuracy=0.8984375)
5: Train Metrics(loss=0.282112181186676, accuracy=0.890625), Test Metrics(loss=0.41727694869041443, accuracy=0.859375)
6: Train Metrics(loss=0.22224080562591553, accuracy=0.8984375), Test Metrics(loss=0.2423253059387207, accuracy=0.9140625)
7: Train Metrics(loss=0.25076931715011597, accuracy=0.921875), Test Metrics(loss=0.41151708364486694, accuracy=0.8671875)
8: Train Metrics(loss=0.3256719410419464, accuracy=0.90625), Test Metrics(loss=0.31508737802505493, accuracy=0.8984375)
9: Train Metrics(loss=0.21673741936683655, accuracy=0.9296875), Test Metrics(loss=0.3688734173774719, accuracy=0.8828125)
10: Train Metrics(loss=0.2088976353406906, accuracy=0.9375), Test Metrics(loss=0.472348153591156, accuracy=0.84375)
1: Train Metrics(loss=0.36753425002098083, accuracy=0.9375), Test Metrics(loss=0.7601954936981201, accuracy=0.8125)
2: Train Metrics(loss=0.21468323469161987, accuracy=0.9375), Test Metrics(loss=0.10094070434570312, accuracy=0.9375)
3: Train Metrics(loss=0.2362271547317505, accuracy=0.875), Test Metrics(loss=0.22332771122455597, accuracy=0.9375)
4: Train Metrics(loss=0.19881418347358704, accuracy=1.0), Test Metrics(loss=0.4317605495452881, accuracy=0.875)
5: Train Metrics(loss=0.3838629722595215, accuracy=0.875), Test Metrics(loss=0.6334937810897827, accuracy=0.75)
6: Train Metrics(loss=0.5143492221832275, accuracy=0.9375), Test Metrics(loss=0.2547664940357208, accuracy=0.875)
7: Train Metrics(loss=0.3557800054550171, accuracy=0.875), Test Metrics(loss=0.3842759132385254, accuracy=0.875)
8: Train Metrics(loss=0.4862631857395172, accuracy=0.875), Test Metrics(loss=0.2271958887577057, accuracy=0.875)
9: Train Metrics(loss=0.17104986310005188, accuracy=1.0), Test Metrics(loss=0.09228942543268204, accuracy=1.0)
10: Train Metrics(loss=0.30548378825187683, accuracy=0.8125), Test Metrics(loss=0.06402605026960373, accuracy=1.0)
1: Train Metrics(loss=0.4778531789779663, accuracy=0.8125), Test Metrics(loss=0.7065136432647705, accuracy=0.875)
2: Train Metrics(loss=0.41375458240509033, accuracy=0.8125), Test Metrics(loss=0.1829647421836853, accuracy=0.9375)
[I 2023-12-19 22:03:51,772] Trial 62 finished with value: 0.925 and parameters: {'learning_rate': 0.0003532177090225632, 'batch_size': 16, 'embed_dim': 16, 'depth': 6}. Best is trial 31 with value: 0.9749999999999999.
[I 2023-12-19 22:05:31,749] Trial 63 finished with value: 0.9541666666666666 and parameters: {'learning_rate': 0.00019326646683641804, 'batch_size': 16, 'embed_dim': 16, 'depth': 6}. Best is trial 31 with value: 0.9749999999999999.
[I 2023-12-19 22:07:13,206] Trial 64 finished with value: 0.9458333333333333 and parameters: {'learning_rate': 0.00012465253112929446, 'batch_size': 16, 'embed_dim': 16, 'depth': 6}. Best is trial 31 with value: 0.9749999999999999.
[I 2023-12-19 22:08:14,811] Trial 65 finished with value: 0.9083333333333334 and parameters: {'learning_rate': 0.0011173864301038787, 'batch_size': 16, 'embed_dim': 32, 'depth': 3}. Best is trial 31 with value: 0.9749999999999999.
[I 2023-12-19 22:08:30,251] Trial 66 finished with value: 0.7903645833333333 and parameters: {'learning_rate': 0.0005646993916339346, 'batch_size': 512, 'embed_dim': 8, 'depth': 5}. Best is trial 31 with value: 0.9749999999999999.
slurmstepd: error: *** STEP 64401.0 ON ip-26-0-144-205 CANCELLED AT 2023-12-19T22:08:39 ***
slurmstepd: error: *** JOB 64401 ON ip-26-0-144-205 CANCELLED AT 2023-12-19T22:08:39 ***
srun: Job step aborted: Waiting up to 32 seconds for job step to finish.
